display_power=1
display_power=0
display_power=1
display_power=0
display_power=1
display_power=0
Distance: 72.7 cm
Distance: 72.71 cm
Distance: 73.12 cm
Distance: 73.98 cm
Distance: 73.98 cm
Distance: 94.13 cm
Distance: 73.44 cm
Distance: 73.44 cm
Distance: 74.25 cm
Distance: 73.94 cm
Distance: 74.39 cm
Distance: 74.86 cm
Distance: 94.15 cm
Distance: 94.15 cm
Distance: 94.11 cm
Distance: 94.11 cm
Distance: 94.1 cm
Distance: 94.11 cm
Distance: 93.75 cm
Distance: 73.42 cm
Distance: 73.37 cm
Distance: 73.83 cm
Distance: 73.42 cm
Distance: 73.43 cm
Distance: 73.9 cm
Distance: 74.87 cm
Distance: 94.14 cm
Distance: 94.17 cm
Distance: 93.74 cm
Distance: 94.15 cm
Distance: 74.4 cm
Distance: 74.25 cm
Distance: 73.84 cm
Distance: 73.83 cm
Distance: 74.82 cm
Distance: 94.41 cm
Distance: 73.98 cm
Distance: 71.26 cm
Distance: 18.27 cm
Person detected. Starting 5s timer...
Distance: 13.29 cm
Distance: 11.85 cm
Distance: 8.34 cm
Distance: 11.5 cm
Distance: 9.8 cm
Distance: 9.79 cm
Distance: 13.91 cm
Distance: 11.47 cm
Distance: 9.78 cm
Distance: 11.49 cm
Distance: 11.49 cm
Distance: 13.28 cm
Distance: 12.2 cm
Distance: 13.28 cm
Distance: 10.14 cm
Distance: 10.15 cm
Distance: 11.84 cm
Person stayed 5s. Turning on display for 10 minutes.
Distance: 13.29 cm
Distance: 14.56 cm
Distance: 12.86 cm
Distance: 8.35 cm
Distance: 14.57 cm
Distance: 57.15 cm
Distance: 60.05 cm
10 minutes passed. Turning display off.
Distance: 56.08 cm
Person detected. Starting 5s timer...
Distance: 52.54 cm
Distance: 50.06 cm
Distance: 50.48 cm
Distance: 50.26 cm
Distance: 48.67 cm
Distance: 48.46 cm
Distance: 49.71 cm
Distance: 48.26 cm
Distance: 49.7 cm
Distance: 49.86 cm
Distance: 50.06 cm
Distance: 105.62 cm
Distance: 50.47 cm
Person detected. Starting 5s timer...
Distance: 50.85 cm
Distance: 50.48 cm
Distance: 50.78 cm
Distance: 50.28 cm
Distance: 65.29 cm
Distance: 50.78 cm
Person detected. Starting 5s timer...
Distance: 50.48 cm
Distance: 50.48 cm
Distance: 103.04 cm
Distance: 50.46 cm
Person detected. Starting 5s timer...
Distance: 50.44 cm
Distance: 51.7 cm
Distance: 56.85 cm
Distance: 63.91 cm
Distance: 62.83 cm
Distance: 71.87 cm
Distance: 69.51 cm
Distance: 71.06 cm
Distance: 71.71 cm
Distance: 62.51 cm
Distance: 75.17 cm
Distance: 73.56 cm
Distance: 73.42 cm
Distance: 73.94 cm
Distance: 73.94 cm
Distance: 62.37 cm
Distance: 75.49 cm
Distance: 73.74 cm
Distance: 73.37 cm
Distance: 92.25 cm
Distance: 81.45 cm
Distance: 73.94 cm
Distance: 73.94 cm
Distance: 74.4 cm
Distance: 73.98 cm
Distance: 73.83 cm
Distance: 74.14 cm
Distance: 73.73 cm
Distance: 73.83 cm
Distance: 73.43 cm
Distance: 53.24 cm
Person detected. Starting 5s timer...
Distance: 115.78 cm
Distance: 43.33 cm
Person detected. Starting 5s timer...
Distance: 47.21 cm
Distance: 98.1 cm
Distance: 74.61 cm
Distance: 55.73 cm
Person detected. Starting 5s timer...
Distance: 73.83 cm
Distance: 86.78 cm
Distance: 29.96 cm
Person detected. Starting 5s timer...
Distance: 11.51 cm
Distance: 9.8 cm
Distance: 8.71 cm
Distance: 7.05 cm
Distance: 7.74 cm
Distance: 9.1 cm
Distance: 7.06 cm
Distance: 5.68 cm
Distance: 7.06 cm
Distance: 7.07 cm
Distance: 4.96 cm
Distance: 5.67 cm
Distance: 5.66 cm
Distance: 7.06 cm
Distance: 12.88 cm
Distance: 8.32 cm
Distance: 9.78 cm
Person stayed 5s. Turning on display for 10 minutes.
Distance: 7.2 cm
Distance: 5.67 cm
Distance: 5.74 cm
Distance: 5.42 cm
Distance: 5.41 cm
Distance: 7.74 cm
Distance: 7.05 cm
Distance: 7.36 cm
Distance: 7.71 cm
Distance: 7.36 cm
Distance: 7.37 cm
Distance: 6.7 cm
Distance: 8.35 cm
Distance: 6.7 cm
Distance: 6.68 cm
Distance: 6.7 cm
Distance: 7.05 cm
Distance: 6.61 cm
Distance: 9.78 cm
Distance: 16.33 cm
Distance: 14.55 cm
Distance: 11.48 cm
Distance: 47.36 cm
Distance: 73.97 cm
Distance: 40.23 cm
Distance: 93.08 cm
Distance: 93.5 cm
Distance: 93.04 cm
Distance: 91.24 cm
Distance: 92.65 cm
Distance: 92.71 cm
Distance: 95.06 cm
Distance: 96.43 cm
Distance: 94.94 cm
Distance: 93.88 cm
Distance: 93.05 cm
Distance: 94.81 cm
Distance: 93.27 cm
Distance: 101.36 cm
Distance: 94.6 cm
Distance: 94.15 cm
Distance: 93.17 cm
Distance: 93.15 cm
Distance: 92.63 cm
Distance: 95.11 cm
Distance: 91.23 cm
Distance: 92.94 cm
Distance: 93.18 cm
Distance: 93.65 cm
Distance: 93.19 cm
Distance: 93.13 cm
Distance: 92.65 cm
Distance: 92.61 cm
Distance: 92.54 cm
Distance: 94.33 cm
Distance: 92.25 cm
Distance: 92.19 cm
Distance: 93.12 cm
Distance: 93.96 cm
Distance: 93.05 cm
Distance: 93.5 cm
Distance: 93.86 cm
Distance: 93.9 cm
Distance: 98.61 cm
10 minutes passed. Turning display off.
Distance: 93.44 cm
Distance: 93.0 cm
Distance: 93.02 cm
Distance: 93.5 cm
Distance: 98.15 cm
Distance: 97.31 cm
Distance: 99.13 cm
Distance: 93.98 cm
Distance: 97.23 cm
Distance: 98.06 cm
Distance: 87.01 cm
Distance: 76.37 cm
Distance: 58.0 cm
Person detected. Starting 5s timer...
Distance: 50.56 cm
Distance: 43.14 cm
Distance: 35.1 cm
Distance: 38.11 cm
Distance: 37.42 cm
Distance: 37.45 cm
Distance: 37.4 cm
Distance: 39.03 cm
Distance: 38.47 cm
Distance: 40.24 cm
Distance: 38.98 cm
Distance: 38.48 cm
Distance: 38.05 cm
Distance: 38.07 cm
Distance: 39.67 cm
Distance: 39.25 cm
Distance: 38.3 cm
Person stayed 5s. Turning on display for 10 minutes.
Distance: 39.26 cm
Distance: 38.27 cm
Distance: 37.81 cm
Distance: 38.26 cm
Distance: 38.26 cm
Distance: 37.8 cm
Distance: 39.23 cm
Distance: 38.76 cm
Distance: 39.22 cm
Distance: 36.81 cm
Distance: 44.95 cm
Distance: 44.95 cm
Distance: 43.4 cm
Distance: 46.79 cm
Distance: 43.09 cm
Distance: 43.6 cm
Distance: 40.2 cm
Distance: 43.18 cm
Distance: 47.2 cm
Distance: 44.11 cm
Distance: 53.45 cm
Distance: 41.33 cm
Distance: 64.34 cm
Distance: 71.09 cm
Distance: 90.26 cm
Distance: 79.42 cm
Distance: 73.59 cm
Distance: 101.02 cm
Distance: 87.87 cm
Distance: 74.41 cm
Distance: 74.9 cm
Distance: 89.82 cm
Distance: 76.54 cm
Distance: 76.22 cm
Distance: 88.61 cm
Distance: 88.23 cm
Distance: 90.04 cm
Distance: 89.25 cm
Distance: 88.25 cm
Distance: 89.06 cm
Distance: 75.38 cm
Distance: 74.4 cm
Distance: 74.87 cm
Distance: 77.13 cm
Distance: 88.75 cm
Distance: 88.25 cm
Distance: 88.77 cm
Distance: 88.76 cm
Distance: 89.17 cm
Distance: 91.28 cm
Distance: 78.46 cm
Distance: 75.38 cm
Distance: 75.37 cm
Distance: 76.24 cm
Distance: 92.31 cm
Distance: 90.54 cm
Distance: 89.17 cm
Distance: 89.66 cm
Distance: 89.19 cm
Distance: 90.53 cm
Distance: 74.86 cm
Distance: 74.41 cm
Distance: 74.84 cm
Distance: 75.8 cm
10 minutes passed. Turning display off.
Distance: 90.95 cm
Distance: 90.94 cm
Distance: 89.2 cm
Distance: 98.06 cm
Distance: 94.42 cm
Distance: 88.55 cm
Distance: 85.67 cm
Distance: 62.92 cm
Distance: 70.95 cm
Distance: 72.95 cm
Distance: 79.33 cm
Distance: 81.19 cm
Distance: 79.19 cm
Distance: 78.11 cm
Distance: 80.51 cm
Distance: 86.75 cm
Distance: 86.78 cm
Distance: 80.21 cm
Distance: 87.36 cm
Distance: 86.43 cm
Distance: 81.45 cm
Distance: 81.46 cm
Distance: 79.73 cm
Distance: 82.37 cm
Distance: 86.69 cm
Distance: 80.62 cm
Distance: 80.63 cm
Distance: 81.61 cm
Distance: 81.14 cm
Distance: 89.62 cm
Distance: 82.37 cm
Distance: 81.45 cm
Distance: 81.95 cm
Distance: 80.63 cm
Distance: 91.21 cm
Distance: 81.18 cm
Distance: 83.88 cm
Distance: 90.59 cm
Distance: 82.47 cm
Distance: 87.01 cm
Distance: 87.0 cm
Distance: 82.82 cm
Distance: 85.55 cm
Distance: 82.88 cm
Distance: 81.65 cm
Distance: 84.28 cm
Distance: 82.88 cm
Distance: 82.58 cm
Distance: 85.67 cm
Distance: 84.67 cm
Distance: 92.47 cm
Distance: 93.34 cm
Distance: 83.88 cm
Distance: 84.69 cm
Distance: 83.87 cm
Distance: 81.34 cm
Distance: 80.11 cm
Distance: 77.48 cm
Distance: 80.78 cm
Distance: 80.77 cm
Distance: 79.96 cm
Distance: 80.42 cm
Distance: 80.82 cm
Distance: 80.83 cm
Distance: 50.43 cm
Person detected. Starting 5s timer...
Distance: 80.84 cm
Distance: 80.82 cm
Distance: 80.84 cm
Distance: 80.82 cm
Distance: 81.69 cm
Distance: 86.74 cm
Distance: 86.74 cm
Distance: 80.35 cm
Distance: 79.53 cm
Distance: 79.98 cm
Distance: 80.41 cm
Distance: 80.13 cm
Distance: 80.12 cm
Distance: 80.42 cm
Distance: 84.85 cm
Distance: 84.29 cm
Distance: 87.08 cm
Distance: 80.82 cm
Distance: 79.61 cm
Distance: 79.31 cm
Distance: 77.89 cm
Distance: 79.7 cm
Distance: 80.1 cm
Distance: 79.52 cm
Distance: 85.68 cm
Distance: 84.32 cm
Distance: 81.36 cm
Distance: 80.4 cm
Distance: 78.32 cm
Distance: 78.72 cm
Distance: 79.31 cm
Distance: 79.62 cmdisplay_power=1
display_power=0
display_power=1
display_power=0
display_power=1
display_power=0
display_power=1
display_power=0
display_power=1
display_power=0

Distance: 86.46 cm
Distance: 86.08 cm
Distance: 84.02 cm
Distance: 77.69 cm
Distance: 30.16 cm
Person detected. Starting 5s timer...
Distance: 65.14 cm
Distance: 58.14 cm
Person detected. Starting 5s timer...
Distance: 48.67 cm
Distance: 22.55 cm
Distance: 50.47 cm
Distance: 28.88 cm
Distance: 49.5 cm
Distance: 48.26 cm
Distance: 45.74 cm
Distance: 50.67 cm
Distance: 36.08 cm
Distance: 44.92 cm
Distance: 45.53 cm
Distance: 45.53 cm
Person stayed 5s. Turning on display for 10 minutes.
Distance: 43.78 cm
Distance: 50.47 cm
Distance: 48.69 cm
Distance: 46.76 cm
Distance: 49.87 cm
Distance: 29.39 cm
Distance: 29.95 cm
Distance: 45.86 cm
Distance: 45.13 cm
Distance: 45.12 cm
Distance: 44.1 cm
Distance: 45.53 cm
Distance: 45.34 cm
Distance: 45.95 cm
Distance: 45.53 cm
Distance: 45.95 cm
Distance: 50.69 cm
Distance: 44.43 cm
Distance: 45.32 cm
Distance: 45.34 cm
Distance: 46.76 cm
Distance: 45.33 cm
Distance: 46.21 cm
Distance: 46.98 cm
Distance: 45.12 cm
Distance: 47.82 cm
Distance: 49.69 cm
Distance: 46.99 cm
Distance: 48.26 cm
Distance: 45.95 cm
Distance: 46.99 cm
Distance: 45.53 cm
Distance: 48.01 cm
Distance: 48.47 cm
Distance: 47.61 cm
Distance: 53.28 cm
Distance: 47.21 cm
Distance: 47.84 cm
Distance: 50.5 cm
Distance: 48.65 cm
Distance: 46.39 cm
Distance: 47.17 cm
Distance: 51.7 cm
Distance: 52.39 cm
Distance: 42.75 cm
Distance: 42.12 cm
Distance: 43.17 cm
Distance: 42.57 cm
Distance: 46.76 cm
Distance: 48.0 cm
Distance: 51.5 cm
Distance: 47.18 cm
Distance: 46.54 cm
Distance: 46.97 cm
Distance: 44.71 cm
Distance: 45.53 cm
Distance: 46.75 cm
Distance: 45.91 cm
Distance: 47.79 cm
Distance: 47.38 cm
Distance: 47.0 cm
Distance: 46.97 cm
Distance: 48.29 cm
Distance: 45.97 cm
Distance: 46.39 cm
10 minutes passed. Turning display off.
Distance: 46.97 cm
Person detected. Starting 5s timer...
Distance: 45.73 cm
Distance: 46.43 cm
Distance: 46.58 cm
Distance: 48.68 cm
Distance: 49.86 cm
Distance: 59.87 cm
Distance: 46.56 cm
Distance: 48.26 cm
Distance: 50.07 cm
Distance: 50.48 cm
Distance: 48.88 cm
Distance: 48.89 cm
Distance: 48.47 cm
Distance: 46.77 cm
Distance: 48.0 cm
Distance: 46.98 cm
Distance: 48.26 cm
Person stayed 5s. Turning on display for 10 minutes.
Distance: 48.28 cm
Distance: 52.52 cm
Distance: 47.59 cm
Distance: 47.19 cm
Distance: 47.39 cm
Distance: 49.32 cm
Distance: 48.87 cm
Distance: 47.55 cm
Distance: 48.45 cm
Distance: 47.64 cm
Distance: 47.19 cm
Distance: 47.59 cm
Distance: 49.08 cm
Distance: 48.9 cm
Distance: 47.19 cm
Distance: 50.27 cm
Distance: 48.0 cm
Distance: 48.47 cm
Distance: 48.47 cm
Distance: 22.53 cm
Distance: 48.47 cm
Distance: 48.47 cm
Distance: 26.08 cm
Distance: 29.39 cm
Distance: 29.13 cm
Distance: 48.67 cm
Distance: 46.77 cm
Distance: 45.33 cm
Distance: 44.92 cm
Distance: 46.56 cm
Distance: 46.77 cm
Distance: 47.77 cm
Distance: 46.78 cm
Distance: 47.0 cm
Distance: 49.48 cm
Distance: 47.0 cm
Distance: 48.48 cm
Distance: 47.77 cm
Distance: 50.71 cm
Distance: 48.71 cm
Distance: 23.13 cm
Distance: 51.73 cm
Distance: 48.0 cm
Distance: 22.53 cm
Distance: 49.06 cm
Distance: 27.62 cm
Distance: 50.47 cm
Distance: 29.39 cm
Distance: 48.47 cm
Distance: 48.46 cm
Distance: 48.67 cm
Distance: 48.47 cm
Distance: 32.06 cm
Distance: 48.47 cm
Distance: 46.56 cm
Distance: 46.98 cm
Distance: 45.55 cm
Distance: 46.22 cm
Distance: 47.17 cm
Distance: 47.8 cm
Distance: 29.12 cm
Distance: 38.01 cm
Distance: 38.75 cm
Distance: 37.56 cm
Distance: 38.03 cm
10 minutes passed. Turning display off.
Distance: 38.45 cm
Person detected. Starting 5s timer...
Distance: 47.38 cm
Distance: 47.2 cm
Distance: 43.58 cm
Distance: 44.31 cm
Distance: 45.14 cm
Distance: 43.79 cm
Distance: 43.79 cm
Distance: 44.92 cm
Distance: 44.5 cm
Distance: 44.1 cm
Distance: 44.1 cm
Distance: 45.13 cm
Distance: 45.13 cm
Distance: 45.54 cm
Distance: 43.07 cm
Distance: 42.07 cm
Distance: 43.15 cm
Person stayed 5s. Turning on display for 10 minutes.
Distance: 45.1 cm
Distance: 44.94 cm
Distance: 44.52 cm
Distance: 46.4 cm
Distance: 44.69 cm
Distance: 45.72 cm
Distance: 45.75 cm
Distance: 45.31 cm
Distance: 46.41 cm
Distance: 46.78 cm
Distance: 46.78 cm
Distance: 46.43 cm
Distance: 45.53 cm
Distance: 45.95 cm
Distance: 45.55 cm
Distance: 45.54 cm
Distance: 45.54 cm
Distance: 45.95 cm
Distance: 45.53 cm
Distance: 45.53 cm
Distance: 45.53 cm
Distance: 45.55 cm
Distance: 45.95 cm
Distance: 44.91 cm
Distance: 45.31 cm
Distance: 46.54 cm
Distance: 44.7 cm
Distance: 46.19 cm
Distance: 44.69 cm
Distance: 46.2 cm
Distance: 46.56 cm
Distance: 46.58 cm
Distance: 46.56 cm
Distance: 45.97 cm
Distance: 44.49 cm
Distance: 46.38 cm
Distance: 45.29 cm
Distance: 45.75 cm
Distance: 45.75 cm
Distance: 45.34 cm
Distance: 45.33 cm
Distance: 45.33 cm
Distance: 46.2 cm
Distance: 44.33 cm
Distance: 44.64 cm
Distance: 45.53 cm
Distance: 45.53 cm
Distance: 55.15 cm
Distance: 44.1 cm
Distance: 44.1 cm
Distance: 44.11 cm
Distance: 44.04 cm
Distance: 44.09 cm
Distance: 44.91 cm
Distance: 45.33 cm
Distance: 44.94 cm
Distance: 43.79 cm
Distance: 45.73 cm
Distance: 45.75 cm
Distance: 41.35 cm
Distance: 43.8 cm
Distance: 45.74 cm
Distance: 44.91 cm
Distance: 45.34 cm
Distance: 44.51 cm
10 minutes passed. Turning display off.
Distance: 29.69 cm
Person detected. Starting 5s timer...
Distance: 49.86 cm
Distance: 50.79 cm
Distance: 22.54 cm
Distance: 49.5 cm
Distance: 47.59 cm
Distance: 48.67 cm
Distance: 46.56 cm
Distance: 22.55 cm
Distance: 47.79 cm
Distance: 48.88 cm
Distance: 24.39 cm
Distance: 46.77 cm
Distance: 45.75 cm
Distance: 43.15 cm
Distance: 44.12 cm
Distance: 46.42 cm
Distance: 41.32 cm
Person stayed 5s. Turning on display for 10 minutes.
Distance: 43.79 cm
Distance: 44.52 cm
Distance: 46.58 cm
Distance: 43.58 cm
Distance: 41.32 cm
Distance: 43.17 cm
Distance: 47.79 cm
Distance: 41.11 cm
Distance: 34.48 cm
Distance: 50.46 cm
Distance: 46.73 cm
Distance: 49.5 cm
Distance: 46.76 cm
Distance: 47.39 cm
Distance: 50.69 cm
Distance: 48.02 cm
Distance: 47.41 cm
Distance: 45.93 cm
Distance: 46.96 cm
Distance: 45.98 cm
Distance: 46.77 cm
Distance: 46.78 cm
Distance: 46.78 cm
Distance: 46.2 cm
Distance: 46.58 cm
Distance: 49.28 cm
Distance: 46.2 cm
Distance: 49.31 cm
Distance: 46.41 cm
Distance: 46.21 cm
Distance: 46.74 cm
Distance: 45.75 cm
Distance: 45.74 cm
Distance: 47.8 cm
Distance: 46.78 cm
Distance: 47.17 cm
Distance: 49.5 cm
10 minutes passed. Turning display off.
Distance: 22.29 cm
Person detected. Starting 5s timer...
Distance: 11.48 cm
Distance: 7.72 cm
Distance: 7.04 cm
Distance: 9.42 cm
Distance: 5.67 cm
Distance: 5.4 cm
Distance: 5.41 cm
Distance: 11.49 cm
Distance: 8.35 cm
Distance: 7.05 cm
Distance: 7.05 cm
Distance: 4.39 cm
Distance: 5.41 cm
Distance: 5.01 cm
Distance: 5.44 cm
Distance: 5.65 cm
Distance: 6.03 cm
Person stayed 5s. Turning on display for 10 minutes.
Distance: 5.08 cm
Distance: 5.07 cm
Distance: 5.04 cm
Distance: 9.79 cm
Distance: 7.9 cm
Distance: 5.67 cm
Distance: 5.41 cm
Distance: 6.33 cm
Distance: 5.42 cm
Distance: 7.05 cm
Distance: 7.07 cm
Distance: 11.47 cm
Distance: 7.05 cm
Distance: 7.06 cm
Distance: 5.42 cm
Distance: 6.69 cm
Distance: 8.69 cm
Distance: 6.7 cm
Distance: 10.81 cm
Distance: 21.25 cm
Distance: 44.29 cm
Distance: 59.64 cm
Distance: 64.48 cm
Distance: 82.38 cm
Distance: 79.77 cm
Distance: 81.87 cm
Distance: 81.31 cm
Distance: 81.43 cm
Distance: 81.45 cm
Distance: 83.44 cm
Distance: 81.39 cm
Distance: 80.78 cm
Distance: 80.43 cm
Distance: 79.95 cm
Distance: 80.42 cm
Distance: 81.33 cm
Distance: 81.65 cm
Distance: 82.46 cm
Distance: 82.83 cm
Distance: 82.01 cm
Distance: 82.47 cm
Distance: 82.63 cm
Distance: 82.83 cm
Distance: 81.18 cm
Distance: 81.65 cm
Distance: 81.22 cm
Distance: 81.15 cm
Distance: 80.61 cm
Distance: 81.61 cm
Distance: 81.59 cm
Distance: 81.63 cm
Distance: 81.58 cm
Distance: 81.61 cm
Distance: 81.14 cm
Distance: 80.21 cm
Distance: 80.21 cm
Distance: 80.21 cm
Distance: 80.71 cm
Distance: 81.19 cm
Distance: 81.19 cm
Distance: 81.17 cm
Distance: 81.64 cm
Distance: 80.72 cm
Distance: 80.21 cm
10 minutes passed. Turning display off.
Distance: 80.21 cm
Distance: 80.73 cm
Distance: 79.79 cm
Distance: 76.51 cm
Distance: 66.36 cm
Distance: 55.05 cm
Person detected. Starting 5s timer...
Distance: 49.28 cm
Distance: 45.75 cm
Distance: 40.66 cm
Distance: 39.98 cmdisplay_power=1
display_power=0
display_power=1
display_power=0
display_power=1
display_power=0
display_power=1
display_power=0
display_power=1
display_power=0

Distance: 42.09 cm
Distance: 40.86 cm
Distance: 40.66 cm
Distance: 40.41 cm
Distance: 40.86 cm
Distance: 41.35 cm
Distance: 41.11 cm
Distance: 42.57 cm
Distance: 43.07 cm
Distance: 40.85 cm
Distance: 41.31 cm
Distance: 41.3 cm
Distance: 42.55 cm
Person stayed 5s. Turning on display for 10 minutes.
Distance: 44.5 cm
Distance: 42.3 cm
Distance: 44.5 cm
Distance: 42.77 cm
Distance: 45.12 cm
Distance: 45.11 cm
Distance: 45.73 cm
Distance: 45.84 cm
Distance: 43.78 cm
Distance: 44.72 cm
Distance: 41.11 cm
Distance: 42.56 cm
Distance: 41.9 cm
Distance: 42.54 cm
Distance: 42.3 cm
Distance: 41.9 cm
Distance: 42.31 cm
Distance: 42.3 cm
Distance: 41.91 cm
Distance: 42.56 cm
Distance: 42.57 cm
Distance: 43.05 cm
Distance: 42.54 cm
Distance: 42.08 cm
Distance: 42.55 cm
Distance: 42.57 cm
Distance: 43.03 cm
Distance: 42.56 cm
Distance: 42.08 cm
Distance: 42.07 cm
Distance: 42.54 cm
Distance: 43.09 cm
Distance: 43.08 cm
Distance: 42.11 cm
Distance: 43.61 cm
Distance: 47.8 cm
Distance: 45.13 cm
Distance: 46.75 cm
Distance: 47.78 cm
Distance: 47.83 cm
Distance: 47.8 cm
Distance: 46.19 cm
Distance: 45.98 cm
Distance: 44.3 cm
Distance: 44.08 cm
Distance: 40.84 cm
Distance: 41.12 cm
Distance: 44.09 cm
Distance: 42.07 cm
Distance: 44.69 cm
Distance: 44.5 cm
Distance: 44.47 cm
Distance: 43.1 cm
Distance: 43.08 cm
Distance: 44.09 cm
Distance: 43.57 cm
Distance: 43.15 cm
Distance: 42.77 cm
Distance: 44.7 cm
Distance: 42.75 cm
Distance: 42.75 cm
Distance: 42.75 cm
Distance: 44.71 cm
Distance: 44.71 cm
Distance: 44.29 cm
10 minutes passed. Turning display off.
Distance: 42.76 cm
Person detected. Starting 5s timer...
Distance: 42.75 cm
Distance: 44.09 cm
Distance: 44.51 cm
Distance: 43.08 cm
Distance: 43.08 cm
Distance: 42.79 cm
Distance: 42.77 cm
Distance: 43.58 cm
Distance: 44.09 cm
Distance: 43.08 cm
Distance: 44.47 cm
Distance: 44.54 cm
Distance: 43.07 cm
Distance: 43.33 cm
Distance: 43.56 cm
Distance: 44.51 cm
Distance: 42.53 cm
Person stayed 5s. Turning on display for 10 minutes.
Distance: 42.51 cm
Distance: 44.49 cm
Distance: 43.09 cm
Distance: 44.3 cm
Distance: 43.08 cm
Distance: 42.76 cm
Distance: 42.55 cm
Distance: 43.06 cm
Distance: 43.37 cm
Distance: 44.31 cm
Distance: 43.07 cm
Distance: 43.37 cm
Distance: 43.77 cm
Distance: 43.78 cm
Distance: 44.71 cm
Distance: 43.06 cm
Distance: 43.16 cm
Distance: 43.58 cm
Distance: 43.58 cm
Distance: 43.04 cm
Distance: 43.08 cm
Distance: 43.04 cm
Distance: 43.77 cm
Distance: 43.38 cm
Distance: 43.36 cm
Distance: 42.77 cm
Distance: 43.58 cm
Distance: 43.09 cm
Distance: 42.59 cm
Distance: 42.09 cm
Distance: 42.57 cm
Distance: 44.53 cm
Distance: 42.72 cm
Distance: 42.77 cm
Distance: 42.75 cm
Distance: 42.77 cm
Distance: 42.75 cm
Distance: 42.56 cm
Distance: 44.1 cm
Distance: 44.31 cm
Distance: 43.18 cm
Distance: 44.09 cm
Distance: 44.51 cm
Distance: 46.96 cm
Distance: 49.29 cm
Distance: 47.8 cm
Distance: 49.29 cm
Distance: 50.68 cm
Distance: 49.71 cm
Distance: 47.39 cm
10 minutes passed. Turning display off.
Distance: 22.81 cm
Person detected. Starting 5s timer...
Distance: 45.74 cm
Distance: 43.58 cm
Distance: 43.16 cm
Distance: 44.51 cm
Distance: 44.7 cm
Distance: 45.53 cm
Distance: 45.53 cm
Distance: 44.31 cm
Distance: 44.71 cm
Distance: 43.78 cm
Distance: 43.78 cm
Distance: 43.38 cm
Distance: 43.37 cm
Distance: 43.38 cm
Distance: 43.38 cm
Distance: 43.36 cm
Distance: 43.38 cm
Person stayed 5s. Turning on display for 10 minutes.
Distance: 43.34 cm
Distance: 44.93 cm
Distance: 44.93 cm
Distance: 43.79 cm
Distance: 44.51 cm
Distance: 43.57 cm
Distance: 44.72 cm
Distance: 44.52 cm
Distance: 45.12 cm
Distance: 44.1 cm
Distance: 44.52 cm
Distance: 44.1 cm
Distance: 44.12 cm
Distance: 44.11 cm
Distance: 44.1 cm
Distance: 44.07 cm
Distance: 44.5 cm
Distance: 43.78 cm
Distance: 44.09 cm
Distance: 44.1 cm
Distance: 44.07 cm
Distance: 44.52 cm
Distance: 43.78 cm
Distance: 43.17 cm
Distance: 43.38 cm
Distance: 43.58 cm
Distance: 51.34 cm
Distance: 43.17 cm
Distance: 44.71 cm
Distance: 50.27 cm
Distance: 45.33 cm
Distance: 44.31 cm
Distance: 43.17 cm
Distance: 44.47 cm
Distance: 43.59 cm
Distance: 43.78 cm
Distance: 44.5 cm
Distance: 43.17 cm
Distance: 44.31 cm
Distance: 43.17 cm
Distance: 45.33 cm
Distance: 44.91 cm
Distance: 22.55 cm
Distance: 45.73 cm
Distance: 46.56 cm
Distance: 46.42 cm
Distance: 22.54 cm
Distance: 46.21 cm
Distance: 45.54 cm
Distance: 46.78 cm
Distance: 44.71 cm
Distance: 26.81 cm
Distance: 48.02 cm
Distance: 22.79 cm
Distance: 16.31 cm
Distance: 16.34 cm
Distance: 46.57 cm
Distance: 45.52 cm
Distance: 43.58 cm
Distance: 43.37 cm
Distance: 43.38 cm
Distance: 44.09 cm
Distance: 43.16 cm
Distance: 43.16 cm
Distance: 43.18 cm
10 minutes passed. Turning display off.
Distance: 43.6 cm
Person detected. Starting 5s timer...
Distance: 43.17 cm
Distance: 43.18 cm
Distance: 43.59 cm
Distance: 43.58 cm
Distance: 45.13 cm
Distance: 43.57 cm
Distance: 44.28 cm
Distance: 44.07 cm
Distance: 44.11 cm
Distance: 44.31 cm
Distance: 44.32 cm
Distance: 44.7 cm
Distance: 45.54 cm
Distance: 45.37 cm
Distance: 45.14 cm
Distance: 45.31 cm
Distance: 44.92 cm
Person stayed 5s. Turning on display for 10 minutes.
Distance: 44.72 cm
Distance: 45.93 cm
Distance: 44.9 cm
Distance: 45.33 cm
Distance: 44.29 cm
Distance: 45.94 cm
Distance: 44.1 cm
Distance: 46.41 cm
Distance: 45.54 cm
Distance: 46.76 cm
Distance: 46.58 cm
Distance: 47.4 cm
Distance: 46.2 cm
Distance: 43.79 cm
Distance: 41.88 cm
Distance: 42.1 cm
Distance: 44.5 cm
Distance: 42.09 cm
Distance: 42.29 cm
Distance: 42.76 cm
Distance: 44.1 cm
Distance: 42.73 cm
Distance: 44.29 cm
Distance: 44.72 cm
Distance: 42.73 cm
Distance: 44.7 cm
Distance: 44.34 cm
Distance: 43.76 cm
Distance: 43.4 cm
Distance: 43.77 cm
Distance: 43.08 cm
Distance: 43.06 cm
Distance: 44.48 cm
Distance: 43.09 cm
Distance: 43.07 cm
Distance: 43.06 cm
Distance: 43.07 cm
Distance: 43.39 cm
Distance: 43.06 cm
Distance: 43.07 cm
Distance: 43.07 cm
Distance: 43.06 cm
Distance: 43.08 cm
Distance: 43.06 cm
Distance: 43.07 cm
Distance: 43.07 cm
Distance: 43.06 cm
Distance: 43.06 cm
Distance: 43.07 cm
Distance: 43.06 cm
Distance: 43.08 cm
Distance: 43.07 cm
Distance: 43.06 cm
Distance: 43.06 cm
Distance: 43.06 cm
Distance: 43.07 cm
Distance: 43.39 cm
Distance: 43.06 cm
Distance: 43.17 cm
Distance: 43.59 cm
Distance: 43.17 cm
Distance: 43.18 cm
Distance: 44.71 cm
Distance: 43.8 cm
Distance: 43.17 cm
10 minutes passed. Turning display off.
Distance: 43.18 cm
Person detected. Starting 5s timer...
Distance: 43.46 cm
Distance: 43.58 cm
Distance: 44.36 cm
Distance: 44.06 cm
Distance: 43.58 cm
Distance: 43.18 cm
Distance: 43.38 cm
Distance: 44.36 cm
Distance: 46.21 cm
Distance: 28.87 cm
Distance: 47.4 cm
Distance: 22.55 cm
Distance: 46.98 cm
Distance: 47.59 cm
Distance: 26.45 cm
Distance: 21.26 cm
Distance: 23.73 cm
Person stayed 5s. Turning on display for 10 minutes.
Distance: 22.3 cm
Distance: 17.62 cm
Distance: 22.3 cm
Distance: 27.07 cm
Distance: 24.39 cm
Distance: 46.75 cm
Distance: 47.2 cm
Distance: 46.75 cm
Distance: 45.74 cm
Distance: 22.53 cm
Distance: 45.54 cm
Distance: 45.57 cm
Distance: 46.76 cm
Distance: 47.14 cm
Distance: 20.95 cm
Distance: 46.2 cm
Distance: 28.86 cm
Distance: 45.95 cm
Distance: 22.54 cm
Distance: 44.92 cm
Distance: 45.54 cm
Distance: 45.54 cm
Distance: 45.93 cm
Distance: 45.74 cm
Distance: 46.41 cm
Distance: 29.68 cm
Distance: 44.92 cm
Distance: 44.92 cm
Distance: 22.53 cm
Distance: 45.74 cm
Distance: 44.72 cm
Distance: 45.32 cm
Distance: 45.73 cm
Distance: 45.77 cm
Distance: 45.75 cm
Distance: 22.57 cm
Distance: 46.74 cm
Distance: 45.35 cm
Distance: 44.7 cm
Distance: 46.39 cm
Distance: 45.73 cm
Distance: 51.35 cm
Distance: 47.41 cm
Distance: 44.3 cm
Distance: 41.51 cm
Distance: 43.79 cm
Distance: 43.2 cm
Distance: 43.06 cm
Distance: 43.07 cm
Distance: 44.5 cm
Distance: 43.22 cm
Distance: 44.32 cm
Distance: 44.92 cm
Distance: 44.54 cm
Distance: 43.37 cm
Distance: 43.39 cm
Distance: 43.78 cm
Distance: 43.38 cm
Distance: 43.76 cm
Distance: 43.41 cm
Distance: 43.06 cm
Distance: 43.03 cm
Distance: 44.91 cm
Distance: 44.9 cm
Distance: 44.51 cm
10 minutes passed. Turning display off.
Distance: 44.06 cm
Person detected. Starting 5s timer...
Distance: 44.07 cm
Distance: 44.47 cm
Distance: 43.04 cm
Distance: 44.89 cmdisplay_power=1
display_power=1
display_power=1
Distance: 71.16 cm
Distance: 71.25 cm
Distance: 78.94 cm
Distance: 71.56 cm
Distance: 71.55 cm
Distance: 72.49 cm
Distance: 72.48 cm
Distance: 71.58 cm
Distance: 71.93 cm
Distance: 71.59 cm
Distance: 71.57 cm
Distance: 71.57 cm
Distance: 71.73 cm
Distance: 72.08 cm
Distance: 72.07 cm
Distance: 114.46 cm
Distance: 76.61 cm
Distance: 72.13 cm
Distance: 72.71 cm
Distance: 73.98 cm
Distance: 78.36 cm
Distance: 78.93 cm
Distance: 76.05 cm
Distance: 76.62 cm
Distance: 76.55 cm
Distance: 78.16 cm
Distance: 103.98 cm
Distance: 77.75 cm
Distance: 103.67 cm
Distance: 77.83 cm
Distance: 77.47 cm
Distance: 77.48 cm
Distance: 77.48 cm
Distance: 104.45 cm
Distance: 79.39 cm
Distance: 78.97 cm
Distance: 104.44 cm
Distance: 104.32 cm
Distance: 103.98 cm
Distance: 77.86 cm
Distance: 78.35 cm
Distance: 104.02 cm
Distance: 79.4 cm
Distance: 78.98 cm
Distance: 79.08 cm
Distance: 79.96 cm
Distance: 105.27 cm
Distance: 106.09 cm
Distance: 78.31 cm
Distance: 77.84 cm
Distance: 77.49 cm
Distance: 78.3 cm
Distance: 78.3 cm
Distance: 79.55 cm
Distance: 79.07 cm
Distance: 79.91 cm
Distance: 79.54 cm
Distance: 79.95 cm
Distance: 105.68 cm
Distance: 78.31 cm
Distance: 77.86 cm
Distance: 77.84 cm
Distance: 78.27 cm
Distance: 77.84 cm
Distance: 78.3 cm
Distance: 79.09 cm
Distance: 79.4 cm
Distance: 72.71 cm
Distance: 79.07 cm
Distance: 82.57 cm
Distance: 78.3 cm
Distance: 88.38 cm
Distance: 78.31 cm
Distance: 77.49 cm
Distance: 77.51 cm
Distance: 78.31 cm
Distance: 78.31 cm
Distance: 173.34 cm
Distance: 173.78 cm
Distance: 79.18 cm
Distance: 78.31 cm
Distance: 78.31 cm
Distance: 78.29 cm
Distance: 77.22 cm
Distance: 63.62 cm
Distance: 64.99 cm
Distance: 52.53 cm
Person detected. starting 5 Second Timer
Distance: 51.72 cm
Distance: 53.63 cm
Distance: 53.26 cm
Distance: 48.67 cm
Distance: 44.1 cm
Distance: 40.2 cm
Distance: 41.15 cm
Distance: 44.73 cm
Distance: 46.19 cm
Distance: 45.12 cm
Distance: 25.86 cm
Distance: 47.92 cm
Distance: 17.95 cm
Distance: 50.25 cm
Distance: 46.76 cm
Distance: 44.94 cm
Distance: 44.74 cm
Person stayed 5s. Turning on display for 10 minutes.
Distance: 21.94 cm
Distance: 21.94 cm
Distance: 22.82 cm
Distance: 22.79 cm
Distance: 22.83 cm
Distance: 22.83 cm
Distance: 48.67 cm
Distance: 57.33 cm
Distance: 22.78 cm
Distance: 30.15 cm
Distance: 64.73 cm
Distance: 66.79 cm
Distance: 67.36 cm
Distance: 22.8 cm
Distance: 68.59 cm
Distance: 30.77 cm
Distance: 69.67 cm
Distance: 21.91 cm
Distance: 28.86 cm
Distance: 67.2 cm
Distance: 67.22 cm
Distance: 23.18 cm
Distance: 67.07 cm
Distance: 69.21 cm
Distance: 66.61 cm
Distance: 67.83 cm
Distance: 68.81 cm
Distance: 72.72 cm
Distance: 68.3 cm
Distance: 68.7 cm
Distance: 24.41 cm
Distance: 75.78 cm
Distance: 25.22 cm
Distance: 22.53 cm
Distance: 68.41 cm
Distance: 67.85 cm
Distance: 67.64 cm
Distance: 28.87 cm
Distance: 67.34 cm
Distance: 66.52 cm
Distance: 71.25 cm
Distance: 25.87 cm
Distance: 25.57 cm
Distance: 69.41 cm
Distance: 37.56 cm
Distance: 62.03 cm
Distance: 62.0 cm
Distance: 62.27 cm
Distance: 62.43 cm
Distance: 64.75 cm
Distance: 62.83 cm
Distance: 62.84 cm
Distance: 62.38 cm
Distance: 62.01 cm
Distance: 61.59 cm
Distance: 61.58 cm
Distance: 65.3 cm
Distance: 62.92 cm
Distance: 65.0 cm
Distance: 61.21 cm
Distance: 61.66 cm
Distance: 62.91 cm
Distance: 63.72 cm
Distance: 64.15 cm
Distance: 64.11 cm
Distance: 64.68 cm
Distance: 64.52 cm
Distance: 66.25 cm
Distance: 64.15 cm
Distance: 61.67 cm
Distance: 63.43 cm
Distance: 62.61 cm
Distance: 62.02 cm
Distance: 63.07 cm
Distance: 63.08 cm
Distance: 62.57 cm
Distance: 62.96 cm
Distance: 63.39 cm
Distance: 63.29 cm
Distance: 63.7 cm
Distance: 62.04 cm
Distance: 63.63 cm
Distance: 64.2 cm
Distance: 63.62 cm
Distance: 63.64 cm
Distance: 61.77 cm
Distance: 61.93 cm
Distance: 62.31 cm
Distance: 63.09 cm
Distance: 64.05 cm
Distance: 62.94 cm
Distance: 62.87 cm
Distance: 62.88 cm
Distance: 61.55 cm
Distance: 62.46 cm
Distance: 62.01 cm
Distance: 61.55 cm
Distance: 63.35 cm
Distance: 63.38 cm
Distance: 63.38 cm
Distance: 62.76 cm
Distance: 62.33 cm
Distance: 62.38 cm
Distance: 62.34 cm
Distance: 62.73 cm
Distance: 62.28 cm
Distance: 61.46 cm
Distance: 61.45 cm
Distance: 61.38 cm
Distance: 63.64 cm
Distance: 62.18 cm
Distance: 61.76 cm
Distance: 62.24 cm
Distance: 62.24 cm
Distance: 62.61 cm
Distance: 63.37 cm
Distance: 61.36 cm
Distance: 61.81 cm
Distance: 61.36 cm
Distance: 62.8 cm
Distance: 63.02 cm
Distance: 62.65 cm
Distance: 62.63 cm
Distance: 62.6 cm
Distance: 60.97 cm
Distance: 71.72 cm
Distance: 71.68 cm
Distance: 73.17 cm
Distance: 73.68 cm
Distance: 72.78 cm
Distance: 71.84 cm
Distance: 71.33 cm
Distance: 71.32 cm
Distance: 71.24 cm
Distance: 71.18 cm
Distance: 71.34 cm
Distance: 71.31 cm
Distance: 71.31 cm
Distance: 71.34 cm
Distance: 70.96 cm
Distance: 71.35 cm
Distance: 71.38 cm
Distance: 70.77 cm
Distance: 70.95 cm
Distance: 71.32 cm
Distance: 70.8 cm
Distance: 71.1 cm
Distance: 71.11 cm
Distance: 71.11 cm
Distance: 71.19 cm
Distance: 71.16 cm
Distance: 73.14 cm
Distance: 70.76 cm
Distance: 71.59 cm
Distance: 70.91 cm
Distance: 71.18 cm
Distance: 71.21 cm
Distance: 71.17 cm
Distance: 71.2 cm
Distance: 71.8 cm
Distance: 71.1 cm
Distance: 71.94 cm
Distance: 73.25 cm
Distance: 70.79 cm
Distance: 71.18 cm
Distance: 71.17 cm
Distance: 72.12 cm
Distance: 72.55 cm
Distance: 72.1 cm
Distance: 72.1 cm
Distance: 72.09 cm
Distance: 72.1 cm
Distance: 71.75 cm
Distance: 71.28 cm
Distance: 70.76 cm
Distance: 71.17 cm
Distance: 71.28 cm
Distance: 71.15 cm
Distance: 71.17 cm
Distance: 71.18 cm
Distance: 71.27 cm
Distance: 72.12 cm
Distance: 72.57 cm
Distance: 72.6 cm
Distance: 71.36 cm
Distance: 71.95 cm
Distance: 71.6 cm
Distance: 73.46 cm
Distance: 73.96 cm
Distance: 71.82 cm
Distance: 73.37 cm
Distance: 72.83 cm
Distance: 71.89 cm
Distance: 72.16 cm
Distance: 72.19 cm
Distance: 73.76 cm
Distance: 71.75 cm
Distance: 71.77 cm
Distance: 72.67 cm
Distance: 73.59 cm
Distance: 73.11 cm
Distance: 72.1 cm
Distance: 83.55 cm
Distance: 34.94 cm
Distance: 72.5 cm
Distance: 109.61 cm
Distance: 82.36 cm
Distance: 71.73 cm
Distance: 71.57 cm
Distance: 72.1 cm
Distance: 71.74 cm
Distance: 26.71 cm
Distance: 72.4 cm
Distance: 72.2 cm
Distance: 72.67 cm
Distance: 71.89 cm
Distance: 71.73 cm
Distance: 72.2 cm
Distance: 71.52 cm
Distance: 71.06 cm
Distance: 72.39 cm
Distance: 72.2 cm
Distance: 71.52 cm
Distance: 71.46 cm
Distance: 70.5 cm
Distance: 70.49 cm
Distance: 104.5 cm
Distance: 57.38 cm
Distance: 74.14 cm
Distance: 15.55 cm
Distance: 72.2 cm
Distance: 71.07 cm
Distance: 70.76 cm
Distance: 70.91 cm
Distance: 71.45 cm
Distance: 71.18 cm
Distance: 53.47 cm
Distance: 79.99 cm
Distance: 49.05 cm
Distance: 84.07 cm
Distance: 71.15 cm
Distance: 70.64 cm
Distance: 142.15 cm
Distance: 70.64 cm
Distance: 71.04 cm
Distance: 70.96 cm
Distance: 71.06 cm
Distance: 71.15 cm
Distance: 137.9 cm
Distance: 20.03 cm
Distance: 66.12 cm
Distance: 67.6 cm
Distance: 114.51 cm
Distance: 67.22 cm
Distance: 65.81 cm
Distance: 69.67 cm
Distance: 68.45 cm
Distance: 129.82 cm
Distance: 132.31 cm
Distance: 102.26 cm
Distance: 65.81 cm
Distance: 66.93 cm
Distance: 65.3 cm
Distance: 65.54 cm
Distance: 64.98 cm
Distance: 29.39 cm
Distance: 71.06 cm
Distance: 67.05 cm
Distance: 29.38 cm
Distance: 68.85 cm
Distance: 69.11 cm
Distance: 69.27 cm
Distance: 69.42 cm
Distance: 69.0 cm
Distance: 70.29 cm
Distance: 70.3 cm
Distance: 50.76 cm
Distance: 68.17 cm
Distance: 68.84 cm
Distance: 69.0 cm
Distance: 69.68 cm
Distance: 69.41 cm
Distance: 69.42 cm
Distance: 70.91 cm
Distance: 70.08 cm
Distance: 71.48 cm
Distance: 71.06 cm
Distance: 70.95 cm
Distance: 70.94 cm
Distance: 71.32 cm
Distance: 76.43 cm
Distance: 70.49 cm
Distance: 71.26 cm
Distance: 67.61 cm
Distance: 69.92 cm
Distance: 69.45 cm
Distance: 66.28 cm
Distance: 69.92 cm
Distance: 71.47 cm
Distance: 70.65 cm
Distance: 69.67 cm
Distance: 69.68 cm
Distance: 70.65 cm
Distance: 14.92 cm
Distance: 69.1 cm
Distance: 71.05 cm
Distance: 67.76 cm
Distance: 71.25 cm
Distance: 69.41 cm
Distance: 69.81 cm
Distance: 71.56 cm
Distance: 70.08 cm
Distance: 69.27 cm
Distance: 70.9 cm
Distance: 68.26 cm
Distance: 71.42 cm
Distance: 71.71 cm
Distance: 68.27 cm
Distance: 68.44 cm
Distance: 71.07 cm
Distance: 68.43 cm
Distance: 69.4 cm
Distance: 75.43 cm
Distance: 71.05 cmdisplay_power=0
Distance: 83.03 cm
Distance: 82.15 cm
Distance: 82.17 cm
Distance: 79.29 cm
Distance: 79.7 cm
Distance: 79.7 cm
Distance: 79.69 cm
Distance: 79.7 cm
Distance: 79.33 cm
Distance: 78.04 cm
Distance: 78.05 cm
Distance: 77.53 cm
Distance: 78.06 cm
Distance: 77.22 cm
Distance: 78.51 cm
Distance: 78.46 cm
Distance: 78.45 cm
Distance: 78.01 cm
Distance: 78.45 cm
Distance: 77.53 cm
Distance: 77.12 cm
Distance: 59.88 cm
Person detected. starting 5 Second Timer
Distance: 77.11 cm
Distance: 77.11 cm
Distance: 77.53 cm
Distance: 78.06 cm
Distance: 78.07 cm
Distance: 77.22 cm
Distance: 77.97 cm
Distance: 77.71 cm
Distance: 77.7 cm
Distance: 77.23 cm
Distance: 76.6 cm
Distance: 76.2 cm
Distance: 77.01 cm
Distance: 77.02 cm
Distance: 76.62 cm
Distance: 76.6 cm
Distance: 76.61 cm
Distance: 77.48 cm
Distance: 79.28 cm
Distance: 78.31 cm
Distance: 79.3 cm
Distance: 78.31 cm
Distance: 78.36 cm
Distance: 77.9 cm
Distance: 79.29 cm
Distance: 79.33 cm
Distance: 78.97 cm
Distance: 78.05 cm
Distance: 78.36 cm
Distance: 78.32 cm
Distance: 77.85 cm
Distance: 77.82 cm
Distance: 76.92 cm
Distance: 79.59 cm
Distance: 101.51 cm
Distance: 80.17 cm
Distance: 78.98 cm
Distance: 79.39 cm
Distance: 79.9 cm
Distance: 79.39 cm
Distance: 79.09 cm
Distance: 78.58 cm
Distance: 79.4 cm
Distance: 78.1 cm
Distance: 77.69 cm
Distance: 78.06 cm
Distance: 78.98 cm
Distance: 78.96 cm
Distance: 78.11 cm
Distance: 78.1 cm
Distance: 78.1 cm
Distance: 78.58 cm
Distance: 79.08 cm
Distance: 80.82 cm
Distance: 57.47 cm
Person detected. starting 5 Second Timer
Distance: 80.78 cm
Distance: 69.67 cm
Distance: 58.3 cm
Person detected. starting 5 Second Timer
Distance: 62.81 cm
Distance: 67.18 cm
Distance: 65.81 cm
Distance: 60.76 cm
Distance: 63.65 cm
Distance: 67.04 cm
Distance: 66.33 cm
Distance: 67.46 cm
Distance: 67.04 cm
Distance: 67.37 cm
Distance: 67.06 cm
Distance: 22.54 cm
Person detected. starting 5 Second Timer
Distance: 64.96 cm
Distance: 22.51 cm
Person detected. starting 5 Second Timer
Distance: 29.37 cm
Distance: 30.17 cm
Distance: 64.98 cm
Distance: 63.75 cm
Distance: 30.14 cm
Person detected. starting 5 Second Timer
Distance: 65.81 cm
Distance: 30.16 cm
Person detected. starting 5 Second Timer
Distance: 62.65 cm
Distance: 66.54 cm
Distance: 64.94 cm
Distance: 64.56 cm
Distance: 65.93 cm
Distance: 66.18 cm
Distance: 23.4 cm
Person detected. starting 5 Second Timer
Distance: 22.27 cm
Distance: 65.97 cm
Distance: 21.93 cm
Person detected. starting 5 Second Timer
Distance: 64.58 cm
Distance: 67.32 cm
Distance: 64.47 cm
Distance: 65.13 cm
Distance: 67.61 cm
Distance: 66.87 cm
Distance: 66.0 cm
Distance: 65.96 cm
Distance: 64.56 cm
Distance: 64.17 cm
Distance: 64.68 cm
Distance: 64.78 cm
Distance: 64.31 cm
Distance: 64.31 cm
Distance: 66.15 cm
Distance: 66.13 cm
Distance: 64.31 cm
Distance: 64.31 cm
Distance: 67.88 cm
Distance: 67.86 cm
Distance: 67.87 cm
Distance: 64.32 cm
Distance: 64.72 cm
Distance: 64.16 cm
Distance: 64.98 cm
Distance: 63.75 cm
Distance: 64.17 cm
Distance: 64.17 cm
Distance: 69.25 cm
Distance: 56.64 cm
Person detected. starting 5 Second Timer
Distance: 59.54 cm
Distance: 59.63 cm
Distance: 59.6 cm
Distance: 65.29 cm
Distance: 60.56 cm
Distance: 50.79 cm
Person detected. starting 5 Second Timer
Distance: 66.76 cm
Distance: 67.46 cm
Distance: 67.74 cm
Distance: 66.4 cm
Distance: 54.63 cm
Person detected. starting 5 Second Timer
Distance: 66.63 cm
Distance: 63.27 cm
Distance: 57.89 cm
Person detected. starting 5 Second Timer
Distance: 57.47 cm
Distance: 57.6 cm
Distance: 57.02 cm
Distance: 57.54 cm
Distance: 57.29 cm
Distance: 49.52 cm
Distance: 64.59 cm
Distance: 66.58 cm
Distance: 66.59 cm
Distance: 66.62 cm
Distance: 66.62 cm
Distance: 66.64 cm
Distance: 66.1 cm
Distance: 66.07 cm
Distance: 66.35 cm
Distance: 65.94 cm
Distance: 66.35 cm
Distance: 66.23 cm
Distance: 66.35 cm
Distance: 66.65 cm
Distance: 66.34 cm
Distance: 67.21 cm
Distance: 66.34 cm
Distance: 69.83 cm
Distance: 67.47 cm
Distance: 66.63 cm
Distance: 67.02 cm
Distance: 67.03 cm
Distance: 82.09 cm
Distance: 67.45 cm
Distance: 68.42 cm
Distance: 113.14 cm
Distance: 80.4 cm
Distance: 72.95 cm
Distance: 72.48 cm
Distance: 71.93 cm
Distance: 72.81 cm
Distance: 25.16 cm
Person detected. starting 5 Second Timer
Distance: 62.92 cm
Distance: 66.77 cm
Distance: 69.67 cm
Distance: 64.31 cm
Distance: 65.38 cm
Distance: 68.17 cm
Distance: 66.62 cm
Distance: 67.35 cm
Distance: 67.76 cm
Distance: 66.64 cm
Distance: 63.74 cm
Distance: 67.34 cm
Distance: 67.34 cm
Distance: 65.96 cm
Distance: 72.73 cm
Distance: 67.36 cm
Distance: 14.0 cm
Person detected. starting 5 Second Timer
Distance: 62.67 cm
Distance: 65.55 cm
Distance: 54.41 cm
Person detected. starting 5 Second Timer
Distance: 64.06 cm
Distance: 67.04 cm
Distance: 67.44 cm
Distance: 66.93 cm
Distance: 69.1 cm
Distance: 68.27 cm
Distance: 65.3 cm
Distance: 64.89 cm
Distance: 68.26 cm
Distance: 67.34 cm
Distance: 67.59 cm
Distance: 68.43 cm
Distance: 67.55 cm
Distance: 73.34 cm
Distance: 65.06 cm
Distance: 65.95 cm
Distance: 63.64 cm
Distance: 64.45 cm
Distance: 63.91 cm
Distance: 66.22 cm
Distance: 50.31 cm
Person detected. starting 5 Second Timer
Distance: 63.64 cm
Distance: 99.0 cm
Distance: 67.04 cm
Distance: 67.03 cm
Distance: 67.05 cm
Distance: 63.65 cm
Distance: 65.3 cm
Distance: 65.3 cm
Distance: 42.35 cm
Person detected. starting 5 Second Timer
Distance: 64.05 cm
Distance: 67.04 cm
Distance: 67.85 cm
Distance: 59.28 cm
Person detected. starting 5 Second Timer
Distance: 67.75 cm
Distance: 68.27 cm
Distance: 63.64 cm
Distance: 65.28 cm
Distance: 64.46 cm
Distance: 66.36 cm
Distance: 124.49 cm
Distance: 65.4 cm
Distance: 65.39 cm
Distance: 64.97 cm
Distance: 63.65 cm
Distance: 64.05 cm
Distance: 63.9 cm
Distance: 65.3 cm
Distance: 63.64 cm
Distance: 63.64 cm
Distance: 63.65 cm
Distance: 67.19 cm
Distance: 63.64 cm
Distance: 67.19 cm
Distance: 63.64 cm
Distance: 66.78 cm
Distance: 63.64 cm
Distance: 69.41 cm
Distance: 64.32 cm
Distance: 65.3 cm
Distance: 64.08 cm
Distance: 60.69 cm
Distance: 69.11 cm
Distance: 69.53 cm
Distance: 69.08 cm
Distance: 69.52 cm
Distance: 64.04 cm
Distance: 66.5 cm
Distance: 66.08 cm
Distance: 64.07 cm
Distance: 70.3 cm
Distance: 67.63 cm
Distance: 71.25 cm
Distance: 69.94 cm
Distance: 68.84 cm
Distance: 70.92 cm
Distance: 65.81 cm
Distance: 63.42 cm
Distance: 65.82 cm
Distance: 64.89 cm
Distance: 67.05 cm
Distance: 67.83 cm
Distance: 67.44 cm
Distance: 67.48 cm
Distance: 64.45 cm
Distance: 64.04 cm
Distance: 63.68 cm
Distance: 63.77 cm
Distance: 64.31 cm
Distance: 17.62 cm
Person detected. starting 5 Second Timer
Distance: 73.09 cm
Distance: 73.13 cm
Distance: 60.05 cm
Distance: 29.71 cm
Person detected. starting 5 Second Timer
Distance: 70.75 cm
Distance: 67.32 cm
Distance: 65.41 cm
Distance: 21.93 cm
Person detected. starting 5 Second Timer
Distance: 64.98 cm
Distance: 28.89 cm
Person detected. starting 5 Second Timer
Distance: 24.38 cm
Distance: 23.16 cm
Distance: 66.23 cm
Distance: 66.12 cm
Distance: 66.39 cm
Distance: 66.53 cm
Distance: 66.38 cm
Distance: 66.53 cm
Distance: 66.52 cm
Distance: 66.93 cm
Distance: 67.86 cm
Distance: 67.18 cm
Distance: 66.36 cm
Distance: 65.96 cm
Distance: 66.79 cm
Distance: 67.61 cm
Distance: 66.78 cm
Distance: 67.23 cm
Distance: 66.8 cm
Distance: 65.96 cm
Distance: 65.98 cm
Distance: 65.32 cm
Distance: 64.91 cm
Distance: 66.2 cm
Distance: 66.36 cm
Distance: 65.97 cm
Distance: 66.36 cm
Distance: 66.76 cm
Distance: 66.8 cm
Distance: 66.39 cm
Distance: 66.78 cm
Distance: 65.42 cm
Distance: 65.96 cm
Distance: 65.32 cm
Distance: 65.31 cm
Distance: 66.77 cm
Distance: 65.94 cm
Distance: 65.35 cm
Distance: 66.79 cm
Distance: 68.15 cm
Distance: 68.96 cm
Distance: 69.45 cm
Distance: 66.79 cm
Distance: 64.91 cm
Distance: 64.86 cm
Distance: 66.62 cm
Distance: 68.43 cm
Distance: 68.44 cm
Distance: 61.45 cm
Distance: 68.83 cm
Distance: 69.25 cm
Distance: 67.04 cm
Distance: 64.89 cm
Distance: 65.29 cm
Distance: 67.86 cm
Distance: 68.43 cm
Distance: 68.86 cm
Distance: 68.85 cm
Distance: 69.24 cm
Distance: 67.2 cm
Distance: 65.97 cm
Distance: 68.7 cm
Distance: 67.74 cm
Distance: 68.26 cm
Distance: 67.61 cm
Distance: 65.99 cm
Distance: 66.37 cm
Distance: 66.78 cm
Distance: 66.76 cm
Distance: 67.85 cm
Distance: 67.87 cmdisplay_power=1

Distance: 67.88 cm
Distance: 67.02 cm
Distance: 65.33 cm
Distance: 65.81 cm
Distance: 67.04 cm
Distance: 68.43 cm
Distance: 67.76 cm
Distance: 67.76 cm
Distance: 67.76 cm
Distance: 67.88 cm
Distance: 67.86 cm
Distance: 66.22 cm
Distance: 65.81 cm
Distance: 67.04 cm
Distance: 67.86 cm
Distance: 68.43 cm
Distance: 67.88 cm
Distance: 67.87 cm
Distance: 67.87 cm
Distance: 67.47 cm
Distance: 67.06 cm
Distance: 65.3 cm
Distance: 66.24 cm
Distance: 67.45 cm
Distance: 67.86 cm
Distance: 67.85 cm
Distance: 68.27 cm
Distance: 67.36 cm
Distance: 66.94 cm
Distance: 67.36 cm
Distance: 68.43 cm
Distance: 66.23 cm
Distance: 66.63 cm
Distance: 68.44 cm
Distance: 66.94 cm
Distance: 66.95 cm
Distance: 66.93 cm
Distance: 66.52 cm
Distance: 66.93 cm
Distance: 67.35 cm
Distance: 68.69 cm
Distance: 68.28 cm
Distance: 67.76 cm
Distance: 67.34 cm
Distance: 66.93 cm
Distance: 66.94 cm
Distance: 66.94 cm
Distance: 66.94 cm
Distance: 66.94 cm
Distance: 67.36 cm
Distance: 68.28 cm
Distance: 65.3 cm
Distance: 66.22 cm
Distance: 67.85 cm
Distance: 67.34 cm
Distance: 67.35 cm
Distance: 66.92 cm
Distance: 66.93 cm
Distance: 67.36 cm
Distance: 68.27 cm
Distance: 68.28 cm
Distance: 68.28 cm
Distance: 65.97 cm
Distance: 66.36 cm
Distance: 66.38 cm
Distance: 65.97 cm
Distance: 66.37 cm
Distance: 65.97 cm
Distance: 66.78 cm
Distance: 66.78 cm
Distance: 65.97 cm
Distance: 65.97 cm
Distance: 65.97 cm
Distance: 65.97 cm
Distance: 66.35 cm
Distance: 65.95 cm
Distance: 65.97 cm
Distance: 66.81 cm
Distance: 64.89 cm
Distance: 66.8 cm
Distance: 66.79 cm
Distance: 67.47 cm
Distance: 67.47 cm
Distance: 67.46 cm
Distance: 67.45 cm
Distance: 67.46 cm
Distance: 65.3 cm
Distance: 64.88 cm
Distance: 64.88 cm
Distance: 67.04 cm
Distance: 67.45 cm
Distance: 67.45 cm
Distance: 67.45 cm
Distance: 67.45 cm
Distance: 67.45 cm
Distance: 66.23 cm
Distance: 64.89 cm
Distance: 64.88 cm
Distance: 67.05 cm
Distance: 67.45 cm
Distance: 67.86 cm
Distance: 67.87 cm
Distance: 67.87 cm
Distance: 68.28 cm
Distance: 68.82 cm
Distance: 40.19 cm
Person detected. starting 5 Second Timer
Distance: 67.76 cm
Distance: 51.36 cm
Person detected. starting 5 Second Timer
Distance: 51.72 cm
Distance: 57.18 cm
Distance: 68.18 cm
Distance: 50.68 cm
Person detected. starting 5 Second Timer
Distance: 51.14 cm
Distance: 50.69 cm
Distance: 50.07 cm
Distance: 50.46 cm
Distance: 50.48 cm
Distance: 50.07 cm
Distance: 50.27 cm
Distance: 50.28 cm
Distance: 50.26 cm
Distance: 50.26 cm
Distance: 50.26 cm
Distance: 50.67 cm
Distance: 50.06 cm
Distance: 50.49 cm
Distance: 50.04 cm
Distance: 51.5 cm
Distance: 50.69 cm
Person stayed 5s. Turning on display for 10 minutes.
Distance: 50.27 cm
Distance: 50.27 cm
Distance: 50.29 cm
Distance: 50.29 cm
Distance: 50.26 cm
Distance: 50.69 cm
Distance: 50.06 cm
Distance: 50.24 cm
Distance: 64.54 cm
Distance: 74.56 cm
Distance: 60.36 cm
Distance: 67.07 cm
Distance: 70.12 cm
Distance: 60.25 cm
Distance: 68.7 cm
Distance: 66.32 cm
Distance: 67.33 cm
Distance: 67.76 cm
Distance: 70.52 cm
Distance: 68.61 cm
Distance: 61.06 cm
Distance: 60.59 cm
Distance: 58.37 cm
Distance: 59.8 cm
Distance: 68.19 cm
Distance: 60.85 cm
Distance: 69.42 cm
Distance: 69.4 cm
Distance: 60.85 cm
Distance: 64.04 cm
Distance: 68.6 cm
Distance: 59.8 cm
Distance: 57.98 cm
Distance: 59.35 cm
Distance: 59.38 cm
Distance: 65.82 cm
Distance: 68.85 cm
Distance: 68.55 cm
Distance: 68.59 cm
Distance: 60.88 cm
Distance: 70.89 cm
Distance: 69.41 cm
Distance: 61.07 cm
Distance: 70.89 cm
Distance: 69.93 cm
Distance: 67.76 cm
Distance: 59.95 cm
Distance: 67.35 cm
Distance: 59.23 cm
Distance: 57.88 cm
Distance: 63.24 cm
Distance: 60.87 cm
Distance: 64.07 cm
Distance: 61.42 cm
Distance: 63.45 cm
Distance: 68.17 cm
Distance: 68.55 cm
Distance: 60.43 cm
Distance: 62.0 cm
Distance: 67.44 cm
Distance: 58.9 cm
Distance: 59.8 cm
Distance: 60.61 cm
Distance: 60.45 cm
Distance: 67.65 cm
Distance: 68.57 cm
Distance: 67.85 cm
Distance: 67.43 cm
Distance: 58.36 cm
Distance: 58.44 cm
Distance: 59.4 cm
Distance: 57.99 cm
Distance: 57.98 cm
Distance: 59.66 cm
Distance: 70.87 cm
Distance: 69.93 cm
Distance: 60.83 cm
Distance: 74.15 cm
Distance: 60.18 cm
Distance: 74.15 cm
Distance: 58.37 cm
Distance: 58.4 cm
Distance: 57.99 cm
Distance: 57.98 cm
Distance: 71.5 cm
Distance: 61.42 cm
Distance: 70.94 cm
Distance: 58.75 cm
Distance: 70.95 cm
Distance: 59.79 cm
Distance: 60.2 cm
Distance: 58.41 cm
Distance: 58.92 cm
Distance: 58.91 cm
Distance: 60.88 cm
Distance: 72.17 cm
Distance: 71.77 cm
Distance: 59.62 cm
Distance: 59.78 cm
Distance: 58.38 cm
Distance: 57.98 cm
Distance: 58.41 cm
Distance: 57.97 cm
Distance: 58.91 cm
Distance: 58.32 cm
Distance: 71.53 cm
Distance: 70.65 cm
Distance: 69.64 cm
Distance: 59.37 cm
Distance: 57.98 cm
Distance: 57.57 cm
Distance: 58.0 cm
Distance: 59.19 cm
Distance: 61.42 cm
Distance: 75.08 cm
Distance: 69.55 cm
Distance: 69.0 cm
Distance: 58.74 cm
Distance: 57.6 cm
Distance: 67.04 cm
Distance: 66.75 cm
Distance: 67.62 cm
Distance: 72.43 cm
Distance: 67.19 cm
Distance: 67.6 cm
Distance: 68.28 cm
Distance: 64.99 cm
Distance: 61.99 cm
Distance: 59.03 cm
Distance: 57.57 cm
Distance: 60.46 cm
Distance: 68.43 cm
Distance: 59.64 cm
Distance: 58.91 cm
Distance: 58.91 cm
Distance: 59.38 cm
Distance: 59.37 cm
Distance: 60.2 cm
Distance: 69.27 cm
Distance: 62.38 cm
Distance: 60.88 cm
Distance: 63.67 cm
Distance: 58.74 cm
Distance: 58.43 cm
Distance: 58.43 cm
Distance: 58.39 cm
Distance: 59.42 cm
Distance: 59.38 cm
Distance: 59.74 cm
Distance: 66.76 cm
Distance: 62.65 cm
Distance: 60.43 cm
Distance: 61.62 cm
Distance: 63.72 cm
Distance: 66.54 cm
Distance: 16.34 cm
Distance: 67.85 cm
Distance: 29.37 cm
Distance: 29.37 cm
Distance: 28.88 cm
Distance: 66.24 cm
Distance: 63.26 cm
Distance: 63.24 cm
Distance: 62.82 cm
Distance: 62.84 cm
Distance: 62.02 cm
Distance: 23.68 cm
Distance: 64.14 cm
Distance: 68.55 cm
Distance: 67.84 cm
Distance: 63.22 cm
Distance: 65.42 cm
Distance: 29.38 cm
Distance: 70.45 cm
Distance: 59.9 cm
Distance: 63.65 cm
Distance: 71.67 cm
Distance: 61.72 cm
Distance: 60.8 cm
Distance: 59.63 cm
Distance: 59.62 cm
Distance: 62.82 cm
Distance: 59.78 cm
Distance: 59.36 cm
Distance: 66.64 cm
Distance: 66.95 cm
Distance: 65.96 cm
Distance: 29.35 cm
Distance: 64.5 cm
Distance: 69.43 cm
Distance: 65.8 cm
Distance: 66.36 cm
Distance: 21.9 cm
Distance: 22.27 cm
Distance: 21.91 cm
Distance: 63.89 cm
Distance: 65.57 cm
Distance: 65.97 cm
Distance: 66.42 cm
Distance: 67.58 cm
Distance: 69.0 cm
Distance: 65.41 cm
Distance: 54.62 cm
Distance: 54.62 cm
Distance: 58.0 cm
Distance: 55.62 cm
Distance: 50.06 cm
Distance: 65.79 cm
Distance: 29.35 cm
Distance: 73.59 cm
Distance: 67.78 cm
Distance: 67.39 cm
Distance: 68.45 cm
Distance: 68.85 cm
Distance: 68.83 cm
Distance: 66.11 cm
Distance: 22.26 cm
Distance: 65.12 cm
Distance: 65.4 cm
Distance: 67.36 cm
Distance: 64.87 cm
Distance: 67.03 cm
Distance: 67.19 cm
Distance: 67.6 cm
Distance: 64.57 cm
Distance: 66.78 cm
Distance: 64.14 cm
Distance: 64.59 cm
Distance: 65.38 cm
Distance: 65.02 cm
Distance: 65.97 cm
Distance: 67.2 cm
Distance: 66.78 cm
Distance: 65.41 cm
Distance: 63.77 cm
Distance: 68.17 cm
Distance: 65.95 cm
Distance: 67.35 cm
Distance: 66.39 cm
Distance: 66.94 cm
Distance: 65.4 cm
Distance: 64.89 cm
Distance: 64.47 cm
Distance: 64.99 cm
Distance: 64.16 cm
Distance: 65.39 cm
Distance: 66.37 cm
Distance: 65.97 cm
Distance: 67.19 cm
Distance: 66.8 cm
Distance: 63.24 cm
Distance: 63.11 cm
Distance: 66.37 cm
Distance: 64.98 cm
Distance: 63.73 cm
Distance: 65.95 cm
Distance: 68.18 cm
Distance: 68.43 cm
Distance: 67.2 cm
Distance: 66.78 cm
Distance: 64.98 cm
Distance: 66.78 cm
Distance: 66.78 cm
Distance: 66.38 cm
Distance: 68.15 cm
Distance: 67.19 cm
Distance: 66.77 cm
Distance: 67.59 cm
Distance: 67.17 cm
Distance: 65.54 cm
Distance: 65.0 cm
Distance: 60.85 cm
Distance: 65.81 cm
Distance: 74.55 cm
Distance: 67.02 cm
Distance: 67.86 cm
Distance: 67.85 cm
Distance: 68.42 cm
Distance: 68.18 cm
Distance: 68.43 cm
Distance: 65.96 cm
Distance: 42.76 cm
Distance: 53.26 cm
Distance: 66.37 cm
Distance: 57.17 cm
Distance: 53.25 cm
Distance: 57.17 cm
Distance: 57.34 cm
Distance: 65.79 cm
Distance: 48.02 cm
Distance: 63.79 cm
Distance: 65.56 cm
Distance: 67.18 cm
Distance: 72.55 cm
Distance: 69.0 cmdisplay_power=0
display_power=1
Distance: 108.39 cm
Distance: 107.72 cm
Distance: 108.4 cm
Distance: 108.96 cm
Distance: 108.15 cm
Distance: 108.35 cm
Distance: 109.95 cm
Distance: 109.23 cm
Distance: 145.85 cm
Distance: 107.67 cm
Distance: 108.41 cm
Distance: 109.39 cm
Distance: 134.22 cm
Distance: 135.09 cm
Distance: 147.29 cm
Distance: 109.73 cm
Distance: 108.18 cm
Distance: 147.3 cm
Distance: 133.71 cm
Distance: 146.26 cm
Distance: 145.94 cm
Distance: 132.44 cm
Distance: 133.08 cm
Distance: 132.12 cm
Distance: 172.4 cm
Distance: 147.71 cm
Distance: 110.6 cm
Distance: 145.81 cm
Distance: 146.43 cm
Distance: 108.4 cm
Distance: 109.14 cm
Distance: 129.97 cm
Distance: 108.5 cm
Distance: 108.61 cm
Distance: 108.95 cm
Distance: 126.93 cm
Distance: 130.74 cm
Distance: 146.16 cm
Distance: 172.92 cm
Distance: 173.37 cm
Distance: 132.18 cm
Distance: 146.76 cm
Distance: 146.86 cm
Distance: 133.47 cm
Distance: 132.2 cm
Distance: 172.91 cm
Distance: 145.34 cm
Distance: 146.87 cm
Distance: 167.35 cm
Distance: 146.17 cm
Distance: 172.9 cm
Distance: 172.92 cm
Distance: 172.92 cm
Distance: 172.39 cm
Distance: 145.64 cm
Distance: 172.4 cm
Distance: 146.26 cm
Distance: 134.84 cm
Distance: 171.18 cm
Distance: 133.39 cm
Distance: 172.42 cm
Distance: 172.08 cm
Distance: 146.26 cm
Distance: 172.4 cm
Distance: 146.22 cm
Distance: 131.76 cm
Distance: 148.23 cm
Distance: 171.16 cm
Distance: 171.16 cm
Distance: 171.58 cm
Distance: 133.17 cm
Distance: 131.85 cm
Distance: 133.92 cm
Distance: 171.39 cm
Distance: 171.57 cm
Distance: 114.36 cm
Distance: 106.7 cm
Distance: 97.19 cm
Distance: 73.97 cm
Distance: 57.47 cm
Person detected. starting 5 Second Timer
Distance: 72.06 cm
Distance: 57.15 cm
Person detected. starting 5 Second Timer
Distance: 50.67 cm
Distance: 48.28 cm
Distance: 48.47 cm
Distance: 46.77 cm
Distance: 48.0 cm
Distance: 30.77 cm
Distance: 47.39 cm
Distance: 46.56 cm
Distance: 45.96 cm
Distance: 21.92 cm
Distance: 46.98 cm
Distance: 20.96 cm
Distance: 20.67 cm
Distance: 21.95 cm
Distance: 46.39 cm
Distance: 46.74 cm
Distance: 46.57 cm
Person stayed 5s. Turning on display for 10 minutes.
Distance: 24.97 cm
Distance: 47.82 cm
Distance: 29.07 cm
Distance: 48.71 cm
Distance: 23.98 cm
Distance: 48.0 cm
Distance: 47.01 cm
Distance: 28.87 cm
Distance: 47.38 cm
Distance: 46.55 cm
Distance: 48.03 cm
Distance: 47.17 cm
Distance: 21.95 cm
Distance: 29.4 cm
Distance: 48.0 cm
Distance: 46.23 cm
Distance: 23.03 cm
Distance: 25.22 cm
Distance: 48.01 cm
Distance: 51.38 cm
Distance: 52.54 cm
Distance: 52.01 cm
Distance: 45.71 cm
Distance: 43.06 cm
Distance: 44.46 cm
Distance: 44.49 cm
Distance: 41.12 cm
Distance: 41.1 cm
Distance: 41.15 cm
Distance: 41.52 cm
Distance: 41.52 cm
Distance: 41.16 cm
Distance: 41.14 cm
Distance: 41.08 cm
Distance: 41.06 cm
Distance: 42.79 cm
Distance: 42.27 cm
Distance: 41.08 cm
Distance: 41.11 cm
Distance: 42.79 cm
Distance: 42.27 cm
Distance: 41.86 cm
Distance: 41.3 cm
Distance: 41.31 cm
Distance: 41.33 cm
Distance: 41.92 cm
Distance: 44.7 cm
Distance: 44.27 cm
Distance: 41.53 cm
Distance: 44.75 cm
Distance: 42.31 cm
Distance: 41.91 cm
Distance: 41.83 cm
Distance: 41.33 cm
Distance: 41.36 cm
Distance: 40.84 cm
Distance: 40.85 cm
Distance: 40.82 cm
Distance: 41.34 cm
Distance: 41.35 cm
Distance: 41.86 cm
Distance: 40.86 cm
Distance: 41.33 cm
Distance: 40.82 cm
Distance: 40.82 cm
Distance: 40.84 cm
Distance: 41.33 cm
Distance: 41.35 cm
Distance: 41.32 cm
Distance: 41.89 cm
Distance: 44.74 cm
Distance: 42.77 cm
Distance: 41.88 cm
Distance: 41.33 cm
Distance: 42.31 cm
Distance: 42.26 cm
Distance: 41.91 cm
Distance: 41.31 cm
Distance: 42.3 cm
Distance: 43.21 cm
Distance: 43.56 cm
Distance: 43.1 cm
Distance: 45.12 cm
Distance: 43.56 cm
Distance: 44.74 cm
Distance: 43.6 cm
Distance: 44.3 cm
Distance: 43.34 cm
Distance: 43.59 cm
Distance: 46.17 cm
Distance: 45.55 cm
Distance: 44.52 cm
Distance: 44.53 cm
Distance: 45.51 cm
Distance: 44.51 cm
Distance: 44.5 cm
Distance: 44.5 cm
Distance: 46.41 cm
Distance: 45.98 cm
Distance: 45.96 cm
Distance: 45.96 cm
Distance: 45.95 cm
Distance: 46.24 cm
Distance: 46.75 cm
Distance: 45.33 cm
Distance: 45.34 cm
Distance: 10.5 cm
Distance: 45.37 cm
Distance: 45.32 cm
Distance: 44.9 cm
Distance: 46.38 cm
Distance: 45.51 cm
Distance: 45.54 cm
Distance: 46.21 cm
Distance: 46.19 cm
Distance: 45.3 cm
Distance: 45.33 cm
Distance: 45.33 cm
Distance: 44.89 cm
Distance: 46.78 cm
Distance: 44.88 cm
Distance: 46.74 cm
Distance: 45.33 cm
Distance: 45.32 cm
Distance: 46.56 cm
Distance: 46.61 cm
Distance: 45.97 cm
Distance: 45.92 cm
Distance: 44.53 cm
Distance: 44.51 cm
Distance: 44.52 cm
Distance: 46.44 cm
Distance: 45.97 cm
Distance: 44.7 cm
Distance: 46.58 cm
Distance: 45.78 cm
Distance: 45.65 cm
Distance: 46.28 cm
Distance: 45.13 cm
Distance: 46.4 cm
Distance: 42.32 cm
Distance: 43.8 cm
Distance: 45.93 cm
Distance: 45.55 cm
Distance: 45.94 cm
Distance: 45.33 cm
Distance: 45.74 cm
Distance: 45.74 cm
Distance: 45.32 cm
Distance: 46.41 cm
Distance: 45.95 cm
Distance: 44.5 cm
Distance: 44.92 cm
Distance: 43.78 cm
Distance: 43.79 cm
Distance: 44.1 cm
Distance: 43.06 cm
Distance: 43.06 cm
Distance: 43.17 cm
Distance: 43.78 cm
Distance: 44.92 cm
Distance: 43.62 cm
Distance: 43.58 cm
Distance: 45.55 cm
Distance: 45.55 cm
Distance: 45.12 cm
Distance: 44.32 cm
Distance: 45.74 cm
Distance: 44.5 cm
Distance: 44.11 cm
Distance: 44.09 cm
Distance: 45.26 cm
Distance: 44.3 cm
Distance: 44.31 cm
Distance: 46.2 cm
Distance: 45.74 cm
Distance: 46.51 cm
Distance: 8.36 cm
Distance: 44.5 cm
Distance: 45.93 cm
Distance: 46.97 cm
Distance: 45.53 cm
Distance: 45.94 cm
Distance: 46.27 cm
Distance: 46.76 cm
Distance: 44.19 cm
Distance: 50.06 cm
Distance: 48.47 cm
Distance: 24.67 cm
Distance: 21.92 cm
Distance: 21.92 cm
Distance: 48.28 cm
Distance: 46.57 cm
Distance: 46.41 cm
Distance: 23.16 cm
Distance: 46.56 cm
Distance: 45.96 cm
Distance: 8.34 cm
Distance: 45.12 cm
Distance: 8.35 cm
Distance: 43.07 cm
Distance: 44.73 cm
Distance: 35.86 cm
Distance: 36.33 cm
Distance: 36.53 cm
Distance: 36.52 cm
Distance: 36.33 cm
Distance: 37.0 cm
Distance: 36.98 cm
Distance: 8.35 cm
Distance: 37.0 cm
Distance: 36.8 cm
Distance: 32.04 cm
Distance: 45.12 cm
Distance: 45.96 cm
Distance: 8.35 cm
Distance: 8.35 cm
Distance: 8.35 cm
Distance: 45.67 cm
Distance: 43.78 cm
Distance: 43.38 cm
Distance: 43.06 cm
Distance: 43.17 cm
Distance: 43.05 cm
Distance: 44.1 cm
Distance: 44.09 cm
Distance: 44.51 cm
Distance: 44.51 cm
Distance: 43.6 cm
Distance: 8.34 cm
Distance: 43.78 cm
Distance: 43.79 cm
Distance: 43.78 cm
Distance: 43.78 cm
Distance: 43.78 cm
Distance: 43.37 cm
Distance: 44.53 cm
Distance: 8.34 cm
Distance: 43.58 cm
Distance: 43.58 cm
Distance: 8.35 cm
Distance: 43.17 cm
Distance: 126.53 cm
Distance: 29.69 cm
Distance: 41.88 cm
Distance: 8.35 cm
Distance: 41.52 cm
Distance: 43.39 cm
Distance: 45.12 cm
Distance: 45.11 cm
Distance: 8.36 cm
Distance: 45.52 cm
Distance: 45.12 cm
Distance: 45.52 cm
Distance: 45.95 cm
Distance: 24.98 cm
Distance: 45.53 cm
Distance: 44.49 cm
Distance: 44.52 cm
Distance: 44.09 cm
Distance: 44.3 cm
Distance: 44.71 cm
Distance: 43.17 cm
Distance: 42.77 cm
Distance: 42.76 cm
Distance: 43.17 cm
Distance: 43.35 cm
Distance: 42.56 cm
Distance: 42.54 cm
Distance: 43.07 cm
Distance: 43.37 cm
Distance: 43.37 cm
Distance: 42.54 cm
Distance: 42.56 cm
Distance: 43.79 cm
Distance: 43.37 cm
Distance: 42.54 cm
Distance: 42.56 cm
Distance: 42.56 cm
Distance: 42.54 cm
Distance: 44.52 cm
Distance: 43.08 cm
Distance: 43.37 cm
Distance: 43.79 cm
Distance: 43.37 cm
Distance: 43.79 cm
Distance: 43.39 cm
Distance: 43.37 cm
Distance: 43.08 cm
Distance: 43.07 cm
Distance: 43.06 cm
Distance: 43.08 cm
Distance: 43.05 cm
Distance: 43.05 cm
Distance: 43.08 cm
Distance: 43.76 cm
Distance: 43.06 cm
Distance: 43.1 cm
Distance: 44.3 cm
Distance: 48.48 cm
Distance: 54.49 cm
Distance: 62.83 cm
Distance: 69.24 cm
Distance: 62.41 cm
Distance: 57.17 cm
Distance: 63.91 cm
Distance: 77.54 cm
Distance: 77.28 cm
Distance: 76.2 cm
Distance: 77.48 cm
Distance: 76.61 cm
Distance: 76.9 cm
Distance: 77.91 cm
Distance: 77.22 cm
Distance: 78.67 cm
Distance: 83.68 cm
Distance: 79.07 cm
Distance: 79.18 cm
Distance: 88.24 cm
Distance: 86.13 cm
Distance: 86.49 cm
Distance: 82.25 cm
Distance: 82.57 cm
Distance: 80.71 cm
Distance: 80.77 cm
Distance: 81.85 cm
Distance: 81.96 cm
Distance: 82.26 cm
Distance: 81.95 cm
Distance: 82.37 cm
Distance: 82.0 cm
Distance: 82.46 cm
Distance: 83.39 cm
Distance: 81.41 cm
Distance: 82.84 cm
Distance: 86.47 cm
Distance: 91.1 cm
Distance: 87.99 cm
Distance: 81.64 cm
Distance: 80.81 cm
Distance: 82.2 cm
Distance: 81.76 cm
Distance: 81.97 cm
Distance: 81.38 cm
Distance: 81.44 cm
Distance: 82.26 cm
Distance: 82.82 cm
Distance: 82.17 cm
Distance: 77.75 cm
Distance: 76.61 cm
Distance: 84.69 cm
Distance: 78.1 cm
Distance: 77.85 cm
Distance: 78.14 cm
Distance: 80.99 cm
Distance: 77.43 cm
Distance: 78.35 cm
Distance: 78.04 cm
Distance: 93.92 cm
Distance: 81.65 cm
Distance: 79.9 cm
Distance: 80.38 cm
Distance: 82.17 cm
Distance: 78.14 cm
Distance: 78.93 cm
Distance: 76.72 cm
Distance: 79.34 cm
Distance: 80.5 cm
Distance: 77.9 cm
Distance: 77.55 cm
Distance: 79.32 cm
Distance: 78.07 cm
Distance: 85.2 cm
Distance: 83.51 cm
Distance: 90.93 cm
Distance: 77.74 cm
Distance: 78.55 cm
Distance: 83.99 cm
Distance: 79.24 cm
Distance: 78.6 cm
Distance: 78.13 cm
Distance: 78.75 cm
Distance: 79.38 cm
Distance: 79.29 cm
Distance: 78.67 cm
Distance: 78.67 cm
Distance: 78.64 cm
Distance: 79.05 cm
Distance: 92.12 cm
Distance: 74.0 cm
Distance: 86.7 cm
Distance: 59.88 cm
Distance: 29.43 cm
Distance: 21.88 cm
Distance: 22.78 cm
Distance: 29.96 cm
Distance: 22.81 cm
Distance: 28.83 cm
Distance: 43.16 cm
Distance: 25.81 cm
Distance: 22.77 cm
Distance: 21.96 cm
Distance: 44.3 cm
Distance: 23.13 cm
Distance: 43.14 cm
Distance: 22.28 cm
Distance: 44.72 cm
Distance: 21.93 cm
Distance: 44.06 cm
Distance: 24.39 cm
Distance: 22.81 cm
Distance: 17.67 cm
Distance: 16.33 cm
Distance: 22.52 cm
Distance: 43.15 cm
Distance: 21.9 cm
Distance: 43.16 cm
Distance: 43.19 cm
Distance: 22.77 cm
Distance: 42.28 cm
Distance: 43.19 cm
Distance: 24.97 cm
Distance: 44.76 cm
Distance: 23.41 cm
Distance: 14.92 cm
Distance: 16.32 cm
Distance: 29.7 cm
Distance: 37.36 cm
Distance: 38.94 cm
Distance: 43.17 cm
Distance: 48.87 cm
Distance: 53.45 cm
Distance: 72.09 cm
Distance: 72.49 cm
Distance: 75.63 cm
Distance: 71.73 cm
Distance: 71.25 cm
Distance: 73.84 cm
Distance: 72.14 cm
Distance: 71.25 cm
Distance: 78.73 cm
Distance: 81.61 cm
Distance: 75.64 cm
Distance: 75.18 cm
Distance: 75.62 cm
Distance: 75.19 cm
Distance: 74.39 cm
Distance: 110.47 cm
Distance: 75.17 cm
Distance: 74.17 cm
Distance: 73.73 cm
Distance: 74.22 cm
Distance: 74.2 cm
Distance: 74.26 cm
Distance: 75.23 cm
Distance: 74.84 cm
Distance: 74.36 cm
Distance: 74.83 cm
Distance: 75.25 cm
Distance: 74.78 cm
Distance: 74.73 cm
Distance: 74.23 cm
Distance: 74.79 cm
Distance: 74.25 cm
Distance: 74.74 cm
Distance: 75.17 cm
Distance: 74.79 cm
Distance: 74.81 cm
Distance: 75.16 cm
Distance: 74.77 cm
Distance: 74.77 cm
Distance: 74.76 cm
Distance: 74.28 cm
Distance: 74.24 cm
Distance: 73.85 cm
Distance: 74.76 cm
Distance: 75.13 cm
Distance: 75.17 cm
Distance: 75.14 cm
Distance: 74.17 cm
Distance: 73.71 cm
Distance: 74.23 cm
Distance: 74.21 cm
Distance: 74.18 cm
Distance: 74.16 cm
Distance: 74.19 cm
Distance: 74.18 cm
Distance: 75.18 cm
Distance: 75.09 cm
Distance: 73.73 cm
Distance: 73.73 cm
Distance: 74.17 cm
Distance: 74.6 cm
Distance: 74.18 cm
Distance: 74.59 cm
Distance: 74.17 cm
Distance: 74.63 cm
Distance: 74.86 cm
Distance: 74.63 cm
Distance: 74.12 cm
Distance: 74.13 cm
Distance: 74.63 cm
Distance: 74.6 cm
Distance: 75.0 cm
Distance: 74.93 cm
Distance: 75.38 cm
Distance: 75.39 cm
Distance: 74.94 cm
Distance: 74.52 cm
Distance: 74.52 cm
Distance: 74.54 cm
Distance: 75.37 cm
Distance: 75.38 cm
Distance: 75.8 cm
Distance: 75.39 cm
Distance: 75.36 cm
Distance: 76.21 cm
Distance: 81.87 cm
Distance: 95.03 cm
Distance: 68.64 cm
Distance: 69.04 cm
Distance: 23.96 cm
Distance: 50.64 cm
Distance: 22.28 cm
Distance: 24.95 cm
Distance: 39.22 cm
Distance: 39.64 cm
Distance: 43.07 cm
Distance: 29.38 cm
Distance: 22.33 cm
Distance: 18.61 cm
Distance: 14.94 cm
Distance: 29.42 cm
Distance: 21.95 cm
Distance: 43.19 cm
Distance: 42.54 cm
Distance: 22.83 cm
Distance: 42.25 cm
Distance: 43.07 cm
Distance: 24.67 cm
Distance: 24.67 cm
Distance: 21.95 cm
Distance: 23.74 cm
Distance: 22.79 cm
Distance: 30.76 cm
Distance: 22.29 cm
Distance: 44.51 cm
Distance: 43.59 cm
Distance: 22.29 cm
Distance: 22.78 cm
Distance: 21.92 cm
Distance: 23.72 cm
Distance: 21.92 cm
Distance: 44.31 cm
Distance: 43.58 cm
Distance: 29.94 cm
Distance: 44.09 cm
Distance: 8.35 cm
Distance: 21.92 cm
Distance: 43.1 cm
Distance: 29.41 cm
Distance: 25.22 cm
Distance: 30.44 cm
Distance: 44.71 cm
Distance: 22.75 cm
Distance: 44.94 cm
Distance: 43.37 cm
Distance: 21.89 cm
Distance: 29.98 cm
Distance: 45.15 cm
Distance: 29.1 cm
Distance: 22.78 cm
Distance: 29.98 cm
Distance: 43.03 cm
Distance: 50.05 cm
Distance: 43.06 cm
Distance: 44.53 cm
Distance: 43.19 cm
Distance: 43.15 cm
Distance: 42.78 cm
Distance: 43.11 cm
Distance: 43.58 cm
Distance: 43.17 cm
Distance: 39.67 cm
Distance: 43.78 cm
Distance: 25.58 cm
Distance: 26.1 cm
Distance: 29.69 cm
Distance: 23.99 cm
Distance: 45.21 cm
Distance: 21.92 cm
Distance: 43.08 cm
Distance: 44.3 cm
Distance: 21.92 cm
Distance: 45.13 cm
Distance: 44.92 cm
Distance: 44.93 cm
Distance: 44.08 cm
Distance: 21.92 cm
Distance: 43.17 cm
Distance: 44.09 cm
Distance: 25.8 cm
Distance: 22.75 cm
Distance: 43.54 cm
Distance: 21.9 cm
Distance: 43.36 cm
Distance: 43.15 cm
Distance: 44.5 cm
Distance: 21.89 cm
Distance: 29.39 cm
Distance: 22.3 cm
Distance: 22.55 cm
Distance: 44.73 cm
Distance: 21.93 cm
Distance: 43.19 cm
Distance: 43.6 cm
Distance: 22.55 cm
Distance: 22.8 cm
Distance: 43.18 cm
Distance: 22.27 cm
Distance: 23.16 cm
Distance: 45.54 cm
Distance: 21.93 cm
Distance: 44.07 cm
Distance: 21.93 cm
Distance: 21.94 cm
Distance: 23.98 cm
Distance: 49.82 cm
Distance: 16.33 cm
Distance: 28.84 cm
Distance: 44.53 cm
Distance: 42.57 cm
Distance: 43.38 cm
Distance: 42.76 cm
Distance: 41.9 cm
Distance: 40.19 cm
Distance: 40.38 cm
Distance: 38.97 cm
Distance: 38.95 cm
Distance: 40.65 cm
Distance: 40.65 cm
Distance: 40.65 cm
Distance: 39.67 cm
Distance: 39.67 cm
Distance: 40.65 cm
Distance: 40.38 cm
Distance: 39.4 cm
Distance: 39.22 cm
Distance: 39.67 cm
Distance: 39.2 cm
Distance: 39.19 cm
Distance: 39.66 cm
Distance: 8.35 cm
Distance: 40.19 cm
Distance: 40.41 cm
Distance: 40.83 cm
Distance: 30.18 cm
Distance: 29.68 cm
Distance: 28.25 cm
Distance: 27.33 cm
Distance: 27.64 cm
Distance: 28.26 cm
Distance: 27.94 cm
Distance: 28.56 cm
Distance: 29.69 cm
Distance: 31.03 cm
Distance: 33.18 cm
Distance: 34.01 cm
Distance: 35.34 cm
Distance: 34.74 cm
Distance: 33.72 cm
Distance: 40.86 cm
Distance: 42.09 cm
Distance: 43.08 cm
Distance: 42.58 cm
Distance: 43.08 cm
Distance: 39.4 cm
Distance: 38.94 cm
Distance: 39.65 cm
Distance: 37.59 cm
Distance: 37.79 cm
Distance: 38.92 cm
Distance: 37.77 cm
Distance: 37.79 cm
Distance: 39.38 cm
Distance: 38.42 cm
Distance: 38.4 cm
Distance: 38.44 cm
Distance: 38.43 cm
Distance: 38.42 cm
Distance: 38.47 cm
Distance: 38.44 cm
Distance: 38.95 cm
Distance: 38.96 cm
Distance: 37.73 cm
Distance: 38.93 cm
Distance: 39.42 cm
Distance: 38.93 cm
Distance: 44.37 cm
Distance: 38.93 cm
Distance: 38.93 cm
Distance: 37.36 cm
Distance: 37.81 cm
Distance: 37.78 cm
Distance: 38.75 cm
Distance: 37.73 cm
Distance: 37.78 cm
Distance: 37.74 cm
Distance: 39.39 cm
Distance: 39.4 cm
Distance: 37.76 cm
Distance: 38.93 cm
Distance: 39.99 cm
Distance: 39.44 cm
Distance: 37.76 cm
Distance: 39.41 cm
Distance: 39.45 cm
Distance: 39.38 cm
Distance: 38.35 cm
Distance: 38.44 cm
Distance: 38.46 cm
Distance: 38.43 cm
Distance: 38.02 cm
Distance: 38.01 cm
Distance: 38.02 cm
Distance: 38.44 cm
Distance: 38.03 cm
Distance: 42.6 cm
Distance: 38.03 cm
Distance: 38.04 cm
Distance: 38.01 cm
Distance: 38.03 cm
Distance: 38.01 cm
Distance: 38.45 cm
Distance: 38.43 cm
Distance: 38.45 cm
Distance: 38.03 cm
Distance: 38.4 cm
Distance: 38.44 cm
Distance: 39.4 cm
Distance: 39.44 cm
Distance: 39.45 cm
Distance: 40.0 cm
Distance: 38.24 cm
Distance: 38.72 cm
Distance: 38.03 cm
Distance: 38.03 cm
Distance: 39.0 cm
Distance: 39.18 cm
Distance: 39.23 cm
Distance: 41.13 cm
Distance: 40.18 cm
Distance: 43.8 cm
Distance: 43.8 cm
Distance: 44.3 cm
Distance: 45.14 cm
Distance: 44.5 cm
Distance: 45.13 cm
Distance: 45.13 cmCan't open display 
Distance: 96.15 cm
Person detected. Starting 5s timer...
Distance: 94.83 cm
Distance: 94.83 cm
Distance: 95.34 cm
Distance: 82.63 cm
Distance: 95.33 cm
Distance: 95.75 cm
Distance: 96.22 cm
Distance: 95.35 cm
Distance: 96.62 cm
Distance: 94.82 cm
Distance: 94.97 cm
Distance: 94.83 cm
Distance: 95.34 cm
Distance: 95.34 cm
Distance: 83.08 cm
Distance: 83.66 cm
Person stayed 5s. Turning on display for 10 minutes.
Distance: 95.24 cm
Distance: 95.65 cm
Distance: 85.64 cm
Distance: 94.82 cm
Distance: 94.82 cm
Distance: 94.83 cm
Distance: 95.23 cm
Distance: 94.83 cm
Distance: 94.83 cm
Distance: 126.08 cm
Distance: 95.56 cm
Distance: 94.83 cm
Distance: 94.84 cm
Distance: 94.51 cm
Distance: 94.83 cm
Distance: 94.83 cm
Distance: 94.83 cm
Distance: 94.82 cm
Distance: 82.62 cm
Distance: 94.58 cm
Distance: 80.97 cm
Distance: 80.98 cm
Distance: 84.88 cm
Distance: 97.07 cm
Distance: 91.07 cm
Distance: 89.06 cm
Distance: 90.61 cm
Distance: 99.29 cm
Distance: 98.95 cm
Distance: 89.35 cm
Distance: 82.23 cm
Distance: 82.64 cm
Distance: 94.94 cm
Distance: 82.61 cm
Distance: 82.26 cm
Distance: 96.56 cm
Distance: 171.48 cm
Distance: 96.49 cm
Distance: 101.11 cm
Distance: 96.27 cm
Distance: 96.47 cm
Distance: 96.26 cm
Distance: 95.97 cm
Distance: 95.55 cm
Distance: 95.86 cm
Distance: 96.26 cm
Distance: 95.86 cm
Distance: 95.84 cm
Distance: 95.84 cm
Distance: 95.85 cm
Distance: 95.37 cm
Distance: 95.38 cm
Distance: 95.4 cm
Distance: 95.38 cm
Distance: 95.39 cm
Distance: 95.39 cm
Distance: 95.4 cm
Distance: 95.37 cm
Distance: 95.37 cm
Distance: 95.39 cm
Distance: 95.4 cm
Distance: 95.38 cm
Distance: 95.39 cm
Distance: 95.38 cm
Distance: 95.39 cm
Distance: 95.38 cm
Distance: 95.38 cm
Distance: 95.38 cm
Distance: 95.38 cm
Distance: 95.39 cm
Distance: 95.75 cm
Distance: 95.34 cm
Distance: 95.34 cm
Distance: 95.65 cm
Distance: 98.46 cm
Distance: 96.17 cm
Distance: 96.16 cm
Distance: 95.35 cm
Distance: 104.13 cm
Distance: 90.42 cm
Distance: 95.74 cm
Distance: 93.95 cm
Distance: 96.22 cm
Distance: 94.72 cm
Distance: 95.65 cm
Distance: 84.83 cm
Distance: 64.73 cm
Distance: 81.6 cm
Distance: 89.43 cm
Distance: 96.0 cm
Distance: 109.33 cm
Distance: 98.04 cm
Distance: 166.75 cm
Distance: 98.68 cm
Distance: 98.68 cm
Distance: 98.89 cm
Distance: 97.81 cm
Distance: 8.34 cm
Distance: 91.93 cm
Distance: 15.96 cm
Distance: 10.14 cm
Distance: 8.33 cm
Distance: 8.71 cm
Distance: 7.06 cm
Distance: 8.7 cm
Distance: 7.07 cm
Distance: 6.7 cm
Distance: 7.73 cm
Distance: 6.69 cm
Distance: 9.11 cm
Distance: 6.7 cm
Distance: 8.08 cm
Distance: 8.71 cm
Distance: 8.34 cm
Distance: 9.78 cm
Distance: 9.77 cm
Distance: 9.8 cm
Distance: 8.08 cm
Distance: 8.09 cm
Distance: 9.12 cm
Distance: 8.34 cm
Distance: 8.33 cm
Distance: 8.35 cm
Distance: 8.34 cm
Distance: 9.79 cm
Distance: 8.09 cm
Distance: 8.33 cm
Distance: 8.34 cm
Distance: 8.35 cm
Distance: 8.35 cm
Distance: 8.33 cm
Distance: 9.42 cm
Distance: 8.1 cm
Distance: 8.11 cm
Distance: 8.08 cm
Distance: 8.08 cm
Distance: 8.08 cm
Distance: 9.77 cm
Distance: 8.08 cm
Distance: 8.1 cm
Distance: 9.78 cm
Distance: 8.34 cm
Distance: 67.02 cm
Distance: 8.35 cm
Distance: 45.34 cm
Distance: 44.51 cm
Distance: 45.33 cm
Distance: 43.38 cm
Distance: 44.7 cm
Distance: 44.1 cm
Distance: 41.89 cm
Distance: 42.75 cm
Distance: 43.17 cm
Distance: 16.62 cm
Distance: 44.5 cm
Distance: 21.93 cm
Distance: 8.36 cm
Distance: 30.15 cm
Distance: 29.93 cm
Distance: 29.12 cm
Distance: 21.94 cm
Distance: 29.96 cm
Distance: 43.38 cm
Distance: 44.09 cm
Distance: 29.93 cm
Distance: 28.86 cm
Distance: 22.54 cm
Distance: 21.93 cm
Distance: 16.31 cm
Distance: 43.07 cm
Distance: 24.96 cm
Distance: 45.31 cm
Distance: 44.35 cm
Distance: 23.76 cm
Distance: 43.18 cm
Distance: 45.64 cm
Distance: 24.99 cm
Distance: 24.05 cm
Distance: 44.59 cm
Distance: 46.49 cm
Distance: 49.79 cm
Distance: 23.45 cm
Distance: 45.21 cm
Distance: 29.17 cm
Distance: 8.37 cm
Distance: 30.01 cm
Distance: 22.57 cm
Distance: 44.37 cm
Distance: 42.83 cm
Distance: 44.58 cm
Distance: 43.45 cm
Distance: 44.15 cm
Distance: 43.12 cm
Distance: 23.2 cm
Distance: 21.94 cm
Distance: 8.37 cm
Distance: 22.6 cm
Distance: 44.56 cm
Distance: 44.56 cm
Distance: 44.55 cm
Distance: 24.41 cm
Distance: 44.76 cm
Distance: 22.3 cm
Distance: 44.56 cm
Distance: 22.32 cm
Distance: 44.32 cm
Distance: 21.96 cm
Distance: 44.6 cm
Distance: 22.54 cm
Distance: 29.15 cm
Distance: 44.15 cm
Distance: 43.65 cm
Distance: 22.29 cm
Distance: 22.81 cm
Distance: 45.78 cm
Distance: 47.66 cm
Distance: 47.45 cm
Distance: 44.13 cm
Distance: 42.58 cm
Distance: 45.97 cm
Distance: 44.53 cm
Distance: 44.54 cm
Distance: 43.61 cm
Distance: 43.16 cm
Distance: 41.57 cm
Distance: 42.14 cm
Distance: 8.7 cm
Distance: 44.77 cm
Distance: 43.13 cm
Distance: 44.96 cm
Distance: 43.08 cm
Distance: 43.81 cm
Distance: 44.32 cm
Distance: 43.8 cm
Distance: 43.77 cm
Distance: 43.09 cm
Distance: 44.33 cm
Distance: 43.18 cm
Distance: 43.08 cm
Distance: 48.7 cm
Distance: 45.54 cm
Distance: 47.0 cm
Distance: 45.57 cm
Distance: 29.95 cm
Distance: 46.24 cm
Distance: 46.99 cm
Distance: 22.31 cm
Distance: 23.72 cm
Distance: 44.11 cm
Distance: 44.12 cm
Distance: 44.94 cm
Distance: 44.74 cm
Distance: 45.15 cm
Distance: 44.11 cm
Distance: 44.11 cm
Distance: 45.55 cm
Distance: 44.32 cm
Distance: 44.74 cm
Distance: 45.55 cm
Distance: 44.73 cm
Distance: 45.76 cm
Distance: 44.32 cm
Distance: 44.33 cm
Distance: 45.79 cm
Distance: 44.34 cm
Distance: 45.31 cm
Distance: 44.33 cm
Distance: 45.35 cm
Distance: 43.08 cm
Distance: 8.33 cm
Distance: 42.78 cm
Distance: 43.8 cm
Distance: 43.08 cm
Distance: 43.19 cm
Distance: 44.32 cm
Distance: 43.39 cm
Distance: 43.8 cm
Distance: 42.57 cm
Distance: 42.57 cm
Distance: 29.96 cm
Distance: 29.96 cm
Distance: 46.58 cm
Distance: 47.2 cm
Distance: 21.95 cm
Distance: 46.18 cm
Distance: 23.1 cm
Distance: 21.93 cm
Distance: 45.99 cm
Distance: 45.55 cm
Distance: 43.78 cm
Distance: 42.3 cm
Distance: 39.42 cm
Distance: 44.32 cm
Distance: 40.86 cm
Distance: 40.19 cm
Distance: 40.41 cm
Distance: 41.89 cm
Distance: 42.3 cm
Distance: 41.9 cm
Distance: 40.85 cm
Distance: 41.88 cm
Distance: 41.11 cm
Distance: 40.65 cm
Distance: 40.65 cm
Distance: 42.75 cm
Distance: 40.64 cm
Distance: 40.65 cm
Distance: 41.11 cm
Distance: 40.67 cm
Distance: 41.09 cm
Distance: 42.8 cm
Distance: 41.33 cm
Distance: 41.33 cm
Distance: 41.86 cm
Distance: 41.3 cm
Distance: 40.86 cm
Distance: 42.29 cm
Distance: 43.08 cm
Distance: 40.85 cm
Distance: 40.37 cm
Distance: 42.56 cm
Distance: 41.14 cm
Distance: 42.28 cm
Distance: 44.33 cm
Distance: 43.37 cm
Distance: 44.92 cm
Distance: 44.3 cm
Distance: 43.34 cm
Distance: 43.8 cm
Distance: 43.79 cm
Distance: 8.38 cm
Distance: 42.56 cm
Distance: 42.54 cm
Distance: 44.74 cm
Distance: 43.08 cm
Distance: 43.08 cm
Distance: 43.81 cm
Distance: 43.39 cm
Distance: 46.56 cm
Distance: 46.78 cm
Distance: 47.59 cm
Distance: 47.6 cm
Distance: 47.4 cm
Distance: 46.2 cm
Distance: 46.2 cm
Distance: 46.77 cm
Distance: 46.77 cm
Distance: 46.56 cm
Distance: 8.33 cm
Distance: 46.78 cm
Distance: 46.56 cm
Distance: 50.28 cm
Distance: 47.19 cm
Distance: 8.34 cm
Distance: 48.27 cm
Distance: 46.99 cm
Distance: 46.56 cm
Distance: 46.56 cm
Distance: 47.21 cm
Distance: 46.55 cm
Distance: 47.4 cm
Distance: 47.21 cm
Distance: 46.96 cm
Distance: 45.94 cm
Distance: 45.95 cm
Distance: 46.43 cm
Distance: 46.2 cm
Distance: 44.71 cm
Distance: 8.34 cm
Distance: 44.11 cm
Distance: 46.42 cm
Distance: 46.57 cm
Distance: 48.01 cm
Distance: 8.34 cm
Distance: 21.92 cm
Distance: 46.2 cm
Distance: 47.17 cm
Distance: 45.34 cm
Distance: 44.91 cm
Distance: 46.2 cm
Distance: 45.95 cm
Distance: 46.99 cm
Distance: 45.32 cm
Distance: 44.94 cm
Distance: 46.6 cm
Distance: 45.55 cm
Distance: 46.2 cm
Distance: 41.49 cm
Distance: 46.99 cm
Distance: 46.41 cm
Distance: 45.93 cm
Distance: 45.54 cm
Distance: 46.2 cm
Distance: 46.2 cm
Distance: 46.56 cm
Distance: 45.75 cm
Distance: 46.56 cm
Distance: 45.94 cm
Distance: 45.11 cm
Distance: 8.35 cm
Distance: 45.95 cm
Distance: 46.41 cm
Distance: 45.12 cm
Distance: 45.97 cm
Distance: 46.38 cm
Distance: 46.76 cm
Distance: 46.8 cm
Distance: 46.77 cm
Distance: 46.73 cm
Distance: 44.91 cm
Distance: 44.89 cm
Distance: 44.95 cm
Distance: 44.92 cm
Distance: 44.95 cm
Distance: 46.38 cm